#
# There is insufficient memory for the Java Runtime Environment to continue.
# Native memory allocation (mmap) failed to map 115343360 bytes for G1 virtual space
# Possible reasons:
#   The system is out of physical RAM or swap space
#   The process is running with CompressedOops enabled, and the Java Heap may be blocking the growth of the native heap
# Possible solutions:
#   Reduce memory load on the system
#   Increase physical memory or swap space
#   Check if swap backing store is full
#   Decrease Java heap size (-Xmx/-Xms)
#   Decrease number of Java threads
#   Decrease Java thread stack sizes (-Xss)
#   Set larger code cache with -XX:ReservedCodeCacheSize=
#   JVM is running with Unscaled Compressed Oops mode in which the Java heap is
#     placed in the first 4GB address space. The Java Heap base address is the
#     maximum limit for the native heap growth. Please use -XX:HeapBaseMinAddress
#     to set the Java Heap base and to place the Java Heap above 4GB virtual address.
# This output file may be truncated or incomplete.
#
#  Out of Memory Error (os_windows.cpp:3769), pid=7696, tid=4628
#
# JRE version: OpenJDK Runtime Environment (17.0.6) (build 17.0.6+0-b2043.56-9586694)
# Java VM: OpenJDK 64-Bit Server VM (17.0.6+0-b2043.56-9586694, mixed mode, tiered, compressed oops, compressed class ptrs, g1 gc, windows-amd64)
# No core dump will be written. Minidumps are not enabled by default on client versions of Windows
#

---------------  S U M M A R Y ------------

Command Line: -XX:MaxPermSize=512m -XX:+HeapDumpOnOutOfMemoryError --add-opens=java.base/java.util=ALL-UNNAMED --add-opens=java.base/java.lang=ALL-UNNAMED --add-opens=java.base/java.lang.invoke=ALL-UNNAMED --add-opens=java.prefs/java.util.prefs=ALL-UNNAMED --add-opens=java.base/java.nio.charset=ALL-UNNAMED --add-opens=java.base/java.net=ALL-UNNAMED --add-opens=java.base/java.util.concurrent.atomic=ALL-UNNAMED -Xmx2048m -Dfile.encoding=UTF-8 -Duser.country=US -Duser.language=en -Duser.variant org.gradle.launcher.daemon.bootstrap.GradleDaemon 7.6

Host: Intel(R) Core(TM) i7-3687U CPU @ 2.10GHz, 4 cores, 11G,  Windows 11 , 64 bit Build 22621 (10.0.22621.2428)
Time: Wed Nov 15 06:47:56 2023 E. Africa Standard Time elapsed time: 13.973436 seconds (0d 0h 0m 13s)

---------------  T H R E A D  ---------------

Current thread (0x00000213e607b830):  VMThread "VM Thread" [stack: 0x0000004cb3d00000,0x0000004cb3e00000] [id=4628]

Stack: [0x0000004cb3d00000,0x0000004cb3e00000]
Native frames: (J=compiled Java code, j=interpreted, Vv=VM code, C=native code)
V  [jvm.dll+0x683b4a]
V  [jvm.dll+0x842654]
V  [jvm.dll+0x843dfe]
V  [jvm.dll+0x844463]
V  [jvm.dll+0x249b75]
V  [jvm.dll+0x680a19]
V  [jvm.dll+0x674f0a]
V  [jvm.dll+0x309acb]
V  [jvm.dll+0x310f86]
V  [jvm.dll+0x3608ee]
V  [jvm.dll+0x360b1f]
V  [jvm.dll+0x2dfbf8]
V  [jvm.dll+0x2ddec4]
V  [jvm.dll+0x2dd4cc]
V  [jvm.dll+0x321f3b]
V  [jvm.dll+0x84893b]
V  [jvm.dll+0x849674]
V  [jvm.dll+0x849b8d]
V  [jvm.dll+0x849f64]
V  [jvm.dll+0x84a030]
V  [jvm.dll+0x7f25fa]
V  [jvm.dll+0x682985]
C  [ucrtbase.dll+0x29363]
C  [KERNEL32.DLL+0x1257d]
C  [ntdll.dll+0x5aa78]

VM_Operation (0x0000004cb66f69e0): G1CollectForAllocation, mode: safepoint, requested by thread 0x00000213ea492530


---------------  P R O C E S S  ---------------

Threads class SMR info:
_java_thread_list=0x00000213eaf9b780, length=81, elements={
0x00000213cab89b20, 0x00000213e60de010, 0x00000213e60c4570, 0x00000213e6c40070,
0x00000213e6c41e50, 0x00000213e6c42910, 0x00000213e6c471f0, 0x00000213e6c4b2e0,
0x00000213e6c53ca0, 0x00000213e6c56d90, 0x00000213e6dd0850, 0x00000213e6dd4000,
0x00000213e96452a0, 0x00000213ea3c2720, 0x00000213e7f5a4a0, 0x00000213e842e4c0,
0x00000213e9f526b0, 0x00000213e9f0fdf0, 0x00000213e91a2d00, 0x00000213ea207f60,
0x00000213e906bb80, 0x00000213e906c520, 0x00000213e9069500, 0x00000213e90699d0,
0x00000213e906c9f0, 0x00000213e9069ea0, 0x00000213e906b1e0, 0x00000213e906b6b0,
0x00000213e906ad10, 0x00000213e906c050, 0x00000213e906a370, 0x00000213e906a840,
0x00000213ea495550, 0x00000213ea495a20, 0x00000213ea492060, 0x00000213ea493d40,
0x00000213ea492530, 0x00000213ea494210, 0x00000213ea492a00, 0x00000213ea4933a0,
0x00000213ea493870, 0x00000213ea0b9400, 0x00000213ea0ba740, 0x00000213ea0bc8f0,
0x00000213ea0b9da0, 0x00000213ea0bc420, 0x00000213ea0b8f30, 0x00000213ea0bac10,
0x00000213ea0b98d0, 0x00000213ea0ba270, 0x00000213ea0bb0e0, 0x00000213ea0bb5b0,
0x00000213ea0bba80, 0x00000213edbd0eb0, 0x00000213edbd7d60, 0x00000213edbd2b90,
0x00000213edbd5210, 0x00000213edbd6ef0, 0x00000213edbd6080, 0x00000213edbd6a20,
0x00000213edbd43a0, 0x00000213edbd56e0, 0x00000213edbd1380, 0x00000213edbd7890,
0x00000213edbd1850, 0x00000213edbd1d20, 0x00000213edbd6550, 0x00000213edbd21f0,
0x00000213edbd3a00, 0x00000213edbd0510, 0x00000213edbd73c0, 0x00000213edbd09e0,
0x00000213edbd26c0, 0x00000213edbd3ed0, 0x00000213edbd4870, 0x00000213edbd4d40,
0x00000213edbd5bb0, 0x00000213edf414d0, 0x00000213edf40660, 0x00000213edf3f7f0,
0x00000213edf419a0
}

Java Threads: ( => current thread )
  0x00000213cab89b20 JavaThread "main" [_thread_blocked, id=15520, stack(0x0000004cb3700000,0x0000004cb3800000)]
  0x00000213e60de010 JavaThread "Reference Handler" daemon [_thread_blocked, id=14184, stack(0x0000004cb3e00000,0x0000004cb3f00000)]
  0x00000213e60c4570 JavaThread "Finalizer" daemon [_thread_blocked, id=10880, stack(0x0000004cb3f00000,0x0000004cb4000000)]
  0x00000213e6c40070 JavaThread "Signal Dispatcher" daemon [_thread_blocked, id=6680, stack(0x0000004cb4000000,0x0000004cb4100000)]
  0x00000213e6c41e50 JavaThread "Attach Listener" daemon [_thread_blocked, id=9540, stack(0x0000004cb4100000,0x0000004cb4200000)]
  0x00000213e6c42910 JavaThread "Service Thread" daemon [_thread_blocked, id=11664, stack(0x0000004cb4200000,0x0000004cb4300000)]
  0x00000213e6c471f0 JavaThread "Monitor Deflation Thread" daemon [_thread_blocked, id=14660, stack(0x0000004cb4300000,0x0000004cb4400000)]
  0x00000213e6c4b2e0 JavaThread "C2 CompilerThread0" daemon [_thread_blocked, id=12264, stack(0x0000004cb4400000,0x0000004cb4500000)]
  0x00000213e6c53ca0 JavaThread "C1 CompilerThread0" daemon [_thread_blocked, id=14716, stack(0x0000004cb4500000,0x0000004cb4600000)]
  0x00000213e6c56d90 JavaThread "Sweeper thread" daemon [_thread_blocked, id=17132, stack(0x0000004cb4600000,0x0000004cb4700000)]
  0x00000213e6dd0850 JavaThread "Common-Cleaner" daemon [_thread_blocked, id=15704, stack(0x0000004cb4700000,0x0000004cb4800000)]
  0x00000213e6dd4000 JavaThread "Notification Thread" daemon [_thread_blocked, id=14728, stack(0x0000004cb4800000,0x0000004cb4900000)]
  0x00000213e96452a0 JavaThread "Daemon health stats" [_thread_blocked, id=16908, stack(0x0000004cb4e00000,0x0000004cb4f00000)]
  0x00000213ea3c2720 JavaThread "Incoming local TCP Connector on port 57223" [_thread_in_native, id=17028, stack(0x0000004cb4a00000,0x0000004cb4b00000)]
  0x00000213e7f5a4a0 JavaThread "Daemon periodic checks" [_thread_blocked, id=12456, stack(0x0000004cb4f00000,0x0000004cb5000000)]
  0x00000213e842e4c0 JavaThread "Daemon" [_thread_blocked, id=16336, stack(0x0000004cb5000000,0x0000004cb5100000)]
  0x00000213e9f526b0 JavaThread "Handler for socket connection from /127.0.0.1:57223 to /127.0.0.1:57224" [_thread_in_native, id=14396, stack(0x0000004cb5100000,0x0000004cb5200000)]
  0x00000213e9f0fdf0 JavaThread "Cancel handler" [_thread_blocked, id=13620, stack(0x0000004cb5200000,0x0000004cb5300000)]
  0x00000213e91a2d00 JavaThread "Daemon worker" [_thread_blocked, id=6692, stack(0x0000004cb5300000,0x0000004cb5400000)]
  0x00000213ea207f60 JavaThread "Asynchronous log dispatcher for DefaultDaemonConnection: socket connection from /127.0.0.1:57223 to /127.0.0.1:57224" [_thread_blocked, id=4088, stack(0x0000004cb5400000,0x0000004cb5500000)]
  0x00000213e906bb80 JavaThread "Stdin handler" [_thread_blocked, id=5868, stack(0x0000004cb5500000,0x0000004cb5600000)]
  0x00000213e906c520 JavaThread "Daemon client event forwarder" [_thread_blocked, id=11616, stack(0x0000004cb5600000,0x0000004cb5700000)]
  0x00000213e9069500 JavaThread "Cache worker for journal cache (C:\Users\kaita\.gradle\caches\journal-1)" [_thread_blocked, id=17256, stack(0x0000004cb5700000,0x0000004cb5800000)]
  0x00000213e90699d0 JavaThread "File lock request listener" [_thread_in_native, id=5504, stack(0x0000004cb5800000,0x0000004cb5900000)]
  0x00000213e906c9f0 JavaThread "Cache worker for file hash cache (C:\Users\kaita\.gradle\caches\7.6\fileHashes)" [_thread_blocked, id=13144, stack(0x0000004cb5900000,0x0000004cb5a00000)]
  0x00000213e9069ea0 JavaThread "Cache worker for file hash cache (C:\Users\kaita\StudioProjects\Texter\.gradle\7.6\fileHashes)" [_thread_blocked, id=14768, stack(0x0000004cb5a00000,0x0000004cb5b00000)]
  0x00000213e906b1e0 JavaThread "Cache worker for file content cache (C:\Users\kaita\.gradle\caches\7.6\fileContent)" [_thread_blocked, id=4808, stack(0x0000004cb5b00000,0x0000004cb5c00000)]
  0x00000213e906b6b0 JavaThread "Cache worker for checksums cache (C:\Users\kaita\StudioProjects\Texter\.gradle\7.6\checksums)" [_thread_blocked, id=14488, stack(0x0000004cb5c00000,0x0000004cb5d00000)]
  0x00000213e906ad10 JavaThread "File watcher server" daemon [_thread_blocked, id=15560, stack(0x0000004cb5d00000,0x0000004cb5e00000)]
  0x00000213e906c050 JavaThread "File watcher consumer" daemon [_thread_blocked, id=16252, stack(0x0000004cb5e00000,0x0000004cb5f00000)]
  0x00000213e906a370 JavaThread "Cache worker for cache directory md-rule (C:\Users\kaita\.gradle\caches\7.6\md-rule)" [_thread_blocked, id=4504, stack(0x0000004cb5f00000,0x0000004cb6000000)]
  0x00000213e906a840 JavaThread "Cache worker for cache directory md-supplier (C:\Users\kaita\.gradle\caches\7.6\md-supplier)" [_thread_blocked, id=12800, stack(0x0000004cb6000000,0x0000004cb6100000)]
  0x00000213ea495550 JavaThread "Cache worker for execution history cache (C:\Users\kaita\.gradle\caches\7.6\executionHistory)" [_thread_blocked, id=252, stack(0x0000004cb6100000,0x0000004cb6200000)]
  0x00000213ea495a20 JavaThread "Cache worker for Build Output Cleanup Cache (C:\Users\kaita\StudioProjects\Texter\.gradle\buildOutputCleanup)" [_thread_blocked, id=14748, stack(0x0000004cb6200000,0x0000004cb6300000)]
  0x00000213ea492060 JavaThread "Memory manager" [_thread_blocked, id=15524, stack(0x0000004cb6300000,0x0000004cb6400000)]
  0x00000213ea493d40 JavaThread "build event listener" [_thread_blocked, id=824, stack(0x0000004cb6500000,0x0000004cb6600000)]
  0x00000213ea492530 JavaThread "included builds" [_thread_blocked, id=2724, stack(0x0000004cb6600000,0x0000004cb6700000)]
  0x00000213ea494210 JavaThread "Execution worker" [_thread_blocked, id=15116, stack(0x0000004cb6700000,0x0000004cb6800000)]
  0x00000213ea492a00 JavaThread "Execution worker Thread 2" [_thread_blocked, id=14968, stack(0x0000004cb6800000,0x0000004cb6900000)]
  0x00000213ea4933a0 JavaThread "Execution worker Thread 3" [_thread_blocked, id=12260, stack(0x0000004cb6900000,0x0000004cb6a00000)]
  0x00000213ea493870 JavaThread "Cache worker for execution history cache (C:\Users\kaita\StudioProjects\Texter\.gradle\7.6\executionHistory)" [_thread_blocked, id=14204, stack(0x0000004cb6a00000,0x0000004cb6b00000)]
  0x00000213ea0b9400 JavaThread "Unconstrained build operations" [_thread_blocked, id=1664, stack(0x0000004cb6b00000,0x0000004cb6c00000)]
  0x00000213ea0ba740 JavaThread "Unconstrained build operations Thread 2" [_thread_blocked, id=13240, stack(0x0000004cb6c00000,0x0000004cb6d00000)]
  0x00000213ea0bc8f0 JavaThread "Unconstrained build operations Thread 3" [_thread_blocked, id=388, stack(0x0000004cb6d00000,0x0000004cb6e00000)]
  0x00000213ea0b9da0 JavaThread "Unconstrained build operations Thread 4" [_thread_blocked, id=8828, stack(0x0000004cb6e00000,0x0000004cb6f00000)]
  0x00000213ea0bc420 JavaThread "Unconstrained build operations Thread 5" [_thread_blocked, id=16604, stack(0x0000004cb6f00000,0x0000004cb7000000)]
  0x00000213ea0b8f30 JavaThread "Unconstrained build operations Thread 6" [_thread_blocked, id=13820, stack(0x0000004cb7000000,0x0000004cb7100000)]
  0x00000213ea0bac10 JavaThread "Unconstrained build operations Thread 7" [_thread_blocked, id=14388, stack(0x0000004cb7100000,0x0000004cb7200000)]
  0x00000213ea0b98d0 JavaThread "Unconstrained build operations Thread 8" [_thread_blocked, id=884, stack(0x0000004cb7200000,0x0000004cb7300000)]
  0x00000213ea0ba270 JavaThread "Unconstrained build operations Thread 9" [_thread_blocked, id=9252, stack(0x0000004cb7300000,0x0000004cb7400000)]
  0x00000213ea0bb0e0 JavaThread "Unconstrained build operations Thread 10" [_thread_blocked, id=13900, stack(0x0000004cb7400000,0x0000004cb7500000)]
  0x00000213ea0bb5b0 JavaThread "Unconstrained build operations Thread 11" [_thread_blocked, id=5992, stack(0x0000004cb7500000,0x0000004cb7600000)]
  0x00000213ea0bba80 JavaThread "Unconstrained build operations Thread 12" [_thread_blocked, id=7212, stack(0x0000004cb7600000,0x0000004cb7700000)]
  0x00000213edbd0eb0 JavaThread "Unconstrained build operations Thread 13" [_thread_blocked, id=16540, stack(0x0000004cb7700000,0x0000004cb7800000)]
  0x00000213edbd7d60 JavaThread "Unconstrained build operations Thread 14" [_thread_blocked, id=13628, stack(0x0000004cb7800000,0x0000004cb7900000)]
  0x00000213edbd2b90 JavaThread "Unconstrained build operations Thread 15" [_thread_blocked, id=16112, stack(0x0000004cb7900000,0x0000004cb7a00000)]
  0x00000213edbd5210 JavaThread "Unconstrained build operations Thread 16" [_thread_blocked, id=944, stack(0x0000004cb7a00000,0x0000004cb7b00000)]
  0x00000213edbd6ef0 JavaThread "Unconstrained build operations Thread 17" [_thread_blocked, id=16664, stack(0x0000004cb7b00000,0x0000004cb7c00000)]
  0x00000213edbd6080 JavaThread "Unconstrained build operations Thread 18" [_thread_blocked, id=10072, stack(0x0000004cb7c00000,0x0000004cb7d00000)]
  0x00000213edbd6a20 JavaThread "Unconstrained build operations Thread 19" [_thread_blocked, id=8600, stack(0x0000004cb7d00000,0x0000004cb7e00000)]
  0x00000213edbd43a0 JavaThread "Unconstrained build operations Thread 20" [_thread_blocked, id=3132, stack(0x0000004cb7e00000,0x0000004cb7f00000)]
  0x00000213edbd56e0 JavaThread "Unconstrained build operations Thread 21" [_thread_blocked, id=17352, stack(0x0000004cb7f00000,0x0000004cb8000000)]
  0x00000213edbd1380 JavaThread "Unconstrained build operations Thread 22" [_thread_blocked, id=6984, stack(0x0000004cb8000000,0x0000004cb8100000)]
  0x00000213edbd7890 JavaThread "Unconstrained build operations Thread 23" [_thread_blocked, id=1272, stack(0x0000004cb8100000,0x0000004cb8200000)]
  0x00000213edbd1850 JavaThread "Unconstrained build operations Thread 24" [_thread_blocked, id=17332, stack(0x0000004cb8200000,0x0000004cb8300000)]
  0x00000213edbd1d20 JavaThread "Unconstrained build operations Thread 25" [_thread_blocked, id=14684, stack(0x0000004cb8300000,0x0000004cb8400000)]
  0x00000213edbd6550 JavaThread "Unconstrained build operations Thread 26" [_thread_blocked, id=4048, stack(0x0000004cb8400000,0x0000004cb8500000)]
  0x00000213edbd21f0 JavaThread "Unconstrained build operations Thread 27" [_thread_blocked, id=15452, stack(0x0000004cb8500000,0x0000004cb8600000)]
  0x00000213edbd3a00 JavaThread "Unconstrained build operations Thread 28" [_thread_blocked, id=15084, stack(0x0000004cb8600000,0x0000004cb8700000)]
  0x00000213edbd0510 JavaThread "Unconstrained build operations Thread 29" [_thread_blocked, id=6100, stack(0x0000004cb8700000,0x0000004cb8800000)]
  0x00000213edbd73c0 JavaThread "Unconstrained build operations Thread 30" [_thread_blocked, id=12852, stack(0x0000004cb8800000,0x0000004cb8900000)]
  0x00000213edbd09e0 JavaThread "Unconstrained build operations Thread 31" [_thread_blocked, id=17044, stack(0x0000004cb8900000,0x0000004cb8a00000)]
  0x00000213edbd26c0 JavaThread "Unconstrained build operations Thread 32" [_thread_blocked, id=17220, stack(0x0000004cb8a00000,0x0000004cb8b00000)]
  0x00000213edbd3ed0 JavaThread "Unconstrained build operations Thread 33" [_thread_blocked, id=17116, stack(0x0000004cb8b00000,0x0000004cb8c00000)]
  0x00000213edbd4870 JavaThread "Unconstrained build operations Thread 34" [_thread_blocked, id=8804, stack(0x0000004cb8c00000,0x0000004cb8d00000)]
  0x00000213edbd4d40 JavaThread "Unconstrained build operations Thread 35" [_thread_blocked, id=16696, stack(0x0000004cb8d00000,0x0000004cb8e00000)]
  0x00000213edbd5bb0 JavaThread "Unconstrained build operations Thread 36" [_thread_blocked, id=9156, stack(0x0000004cb8e00000,0x0000004cb8f00000)]
  0x00000213edf414d0 JavaThread "Unconstrained build operations Thread 37" [_thread_blocked, id=1884, stack(0x0000004cb8f00000,0x0000004cb9000000)]
  0x00000213edf40660 JavaThread "Unconstrained build operations Thread 38" [_thread_blocked, id=1196, stack(0x0000004cb9000000,0x0000004cb9100000)]
  0x00000213edf3f7f0 JavaThread "Unconstrained build operations Thread 39" [_thread_blocked, id=12824, stack(0x0000004cb9100000,0x0000004cb9200000)]
  0x00000213edf419a0 JavaThread "Unconstrained build operations Thread 40" [_thread_blocked, id=2196, stack(0x0000004cb9200000,0x0000004cb9300000)]

Other Threads:
=>0x00000213e607b830 VMThread "VM Thread" [stack: 0x0000004cb3d00000,0x0000004cb3e00000] [id=4628]
  0x00000213cac04bd0 WatcherThread [stack: 0x0000004cb4900000,0x0000004cb4a00000] [id=15760]
  0x00000213cabe3090 GCTaskThread "GC Thread#0" [stack: 0x0000004cb3800000,0x0000004cb3900000] [id=248]
  0x00000213e7146870 GCTaskThread "GC Thread#1" [stack: 0x0000004cb4b00000,0x0000004cb4c00000] [id=8788]
  0x00000213e76897e0 GCTaskThread "GC Thread#2" [stack: 0x0000004cb4c00000,0x0000004cb4d00000] [id=16144]
  0x00000213e7689a90 GCTaskThread "GC Thread#3" [stack: 0x0000004cb4d00000,0x0000004cb4e00000] [id=14276]
  0x00000213cabf3fd0 ConcurrentGCThread "G1 Main Marker" [stack: 0x0000004cb3900000,0x0000004cb3a00000] [id=5272]
  0x00000213cabf5180 ConcurrentGCThread "G1 Conc#0" [stack: 0x0000004cb3a00000,0x0000004cb3b00000] [id=15500]
  0x00000213cac4dcd0 ConcurrentGCThread "G1 Refine#0" [stack: 0x0000004cb3b00000,0x0000004cb3c00000] [id=11624]
  0x00000213ead5b980 ConcurrentGCThread "G1 Refine#1" [stack: 0x0000004cb6400000,0x0000004cb6500000] [id=9740]
  0x00000213cac4e600 ConcurrentGCThread "G1 Service" [stack: 0x0000004cb3c00000,0x0000004cb3d00000] [id=14416]

Threads with active compile tasks:
C2 CompilerThread0    14012 8603       4       java.util.ArrayList::<init> (63 bytes)

VM state: at safepoint (normal execution)

VM Mutex/Monitor currently owned by a thread:  ([mutex/lock_event])
[0x00000213cab75270] Threads_lock - owner thread: 0x00000213e607b830
[0x00000213cab825f0] Heap_lock - owner thread: 0x00000213ea492530

Heap address: 0x0000000080000000, size: 2048 MB, Compressed Oops mode: 32-bit

CDS archive(s) not mapped
Compressed class space mapped at: 0x0000000100000000-0x0000000140000000, reserved size: 1073741824
Narrow klass base: 0x0000000000000000, Narrow klass shift: 3, Narrow klass range: 0x140000000

GC Precious Log:
 CPUs: 4 total, 4 available
 Memory: 12128M
 Large Page Support: Disabled
 NUMA Support: Disabled
 Compressed Oops: Enabled (32-bit)
 Heap Region Size: 1M
 Heap Min Capacity: 8M
 Heap Initial Capacity: 190M
 Heap Max Capacity: 2G
 Pre-touch: Disabled
 Parallel Workers: 4
 Concurrent Workers: 1
 Concurrent Refinement Workers: 4
 Periodic GC: Disabled

Heap:
 garbage-first heap   total 194560K, used 80758K [0x0000000080000000, 0x0000000100000000)
  region size 1024K, 6 young (6144K), 6 survivors (6144K)
 Metaspace       used 67985K, committed 68672K, reserved 1114112K
  class space    used 9132K, committed 9472K, reserved 1048576K

Heap Regions: E=young(eden), S=young(survivor), O=old, HS=humongous(starts), HC=humongous(continues), CS=collection set, F=free, OA=open archive, CA=closed archive, TAMS=top-at-mark-start (previous, next)
|   0|0x0000000080000000, 0x0000000080100000, 0x0000000080100000|100%| O|  |TAMS 0x0000000080100000, 0x0000000080000000| Untracked 
|   1|0x0000000080100000, 0x0000000080200000, 0x0000000080200000|100%| O|  |TAMS 0x0000000080200000, 0x0000000080100000| Untracked 
|   2|0x0000000080200000, 0x0000000080300000, 0x0000000080300000|100%|HS|  |TAMS 0x0000000080300000, 0x0000000080200000| Complete 
|   3|0x0000000080300000, 0x0000000080400000, 0x0000000080400000|100%|HC|  |TAMS 0x0000000080400000, 0x0000000080300000| Complete 
|   4|0x0000000080400000, 0x0000000080500000, 0x0000000080500000|100%|HC|  |TAMS 0x0000000080500000, 0x0000000080400000| Complete 
|   5|0x0000000080500000, 0x0000000080600000, 0x0000000080600000|100%| O|  |TAMS 0x0000000080600000, 0x0000000080500000| Untracked 
|   6|0x0000000080600000, 0x0000000080700000, 0x0000000080700000|100%| O|  |TAMS 0x0000000080700000, 0x0000000080600000| Untracked 
|   7|0x0000000080700000, 0x0000000080800000, 0x0000000080800000|100%| O|  |TAMS 0x0000000080800000, 0x0000000080700000| Untracked 
|   8|0x0000000080800000, 0x0000000080900000, 0x0000000080900000|100%| O|  |TAMS 0x0000000080900000, 0x0000000080800000| Untracked 
|   9|0x0000000080900000, 0x0000000080a00000, 0x0000000080a00000|100%| O|  |TAMS 0x0000000080a00000, 0x0000000080900000| Untracked 
|  10|0x0000000080a00000, 0x0000000080b00000, 0x0000000080b00000|100%| O|  |TAMS 0x0000000080b00000, 0x0000000080a00000| Untracked 
|  11|0x0000000080b00000, 0x0000000080c00000, 0x0000000080c00000|100%| O|  |TAMS 0x0000000080c00000, 0x0000000080b00000| Untracked 
|  12|0x0000000080c00000, 0x0000000080d00000, 0x0000000080d00000|100%| O|  |TAMS 0x0000000080d00000, 0x0000000080c00000| Untracked 
|  13|0x0000000080d00000, 0x0000000080e00000, 0x0000000080e00000|100%| O|  |TAMS 0x0000000080e00000, 0x0000000080d00000| Untracked 
|  14|0x0000000080e00000, 0x0000000080f00000, 0x0000000080f00000|100%| O|  |TAMS 0x0000000080f00000, 0x0000000080e00000| Untracked 
|  15|0x0000000080f00000, 0x0000000081000000, 0x0000000081000000|100%| O|  |TAMS 0x0000000081000000, 0x0000000080f00000| Untracked 
|  16|0x0000000081000000, 0x0000000081100000, 0x0000000081100000|100%| O|  |TAMS 0x0000000081100000, 0x0000000081000000| Untracked 
|  17|0x0000000081100000, 0x0000000081200000, 0x0000000081200000|100%| O|  |TAMS 0x0000000081200000, 0x0000000081100000| Untracked 
|  18|0x0000000081200000, 0x0000000081300000, 0x0000000081300000|100%| O|  |TAMS 0x0000000081300000, 0x0000000081200000| Untracked 
|  19|0x0000000081300000, 0x0000000081400000, 0x0000000081400000|100%| O|  |TAMS 0x0000000081300000, 0x0000000081300000| Untracked 
|  20|0x0000000081400000, 0x0000000081500000, 0x0000000081500000|100%| O|  |TAMS 0x0000000081500000, 0x0000000081400000| Untracked 
|  21|0x0000000081500000, 0x0000000081600000, 0x0000000081600000|100%| O|  |TAMS 0x0000000081600000, 0x0000000081500000| Untracked 
|  22|0x0000000081600000, 0x0000000081700000, 0x0000000081700000|100%| O|  |TAMS 0x0000000081700000, 0x0000000081600000| Untracked 
|  23|0x0000000081700000, 0x0000000081800000, 0x0000000081800000|100%| O|  |TAMS 0x0000000081800000, 0x0000000081700000| Untracked 
|  24|0x0000000081800000, 0x0000000081900000, 0x0000000081900000|100%|HS|  |TAMS 0x0000000081900000, 0x0000000081800000| Complete 
|  25|0x0000000081900000, 0x0000000081a00000, 0x0000000081a00000|100%|HS|  |TAMS 0x0000000081a00000, 0x0000000081900000| Complete 
|  26|0x0000000081a00000, 0x0000000081b00000, 0x0000000081b00000|100%|HC|  |TAMS 0x0000000081b00000, 0x0000000081a00000| Complete 
|  27|0x0000000081b00000, 0x0000000081c00000, 0x0000000081c00000|100%|HS|  |TAMS 0x0000000081c00000, 0x0000000081b00000| Complete 
|  28|0x0000000081c00000, 0x0000000081d00000, 0x0000000081d00000|100%| O|  |TAMS 0x0000000081d00000, 0x0000000081c00000| Untracked 
|  29|0x0000000081d00000, 0x0000000081e00000, 0x0000000081e00000|100%| O|  |TAMS 0x0000000081e00000, 0x0000000081d00000| Untracked 
|  30|0x0000000081e00000, 0x0000000081f00000, 0x0000000081f00000|100%| O|  |TAMS 0x0000000081f00000, 0x0000000081e00000| Untracked 
|  31|0x0000000081f00000, 0x0000000082000000, 0x0000000082000000|100%| O|  |TAMS 0x0000000082000000, 0x0000000081f00000| Untracked 
|  32|0x0000000082000000, 0x0000000082100000, 0x0000000082100000|100%|HS|  |TAMS 0x0000000082100000, 0x0000000082000000| Complete 
|  33|0x0000000082100000, 0x0000000082200000, 0x0000000082200000|100%|HC|  |TAMS 0x0000000082200000, 0x0000000082100000| Complete 
|  34|0x0000000082200000, 0x0000000082300000, 0x0000000082300000|100%|HC|  |TAMS 0x0000000082300000, 0x0000000082200000| Complete 
|  35|0x0000000082300000, 0x0000000082400000, 0x0000000082400000|100%|HC|  |TAMS 0x0000000082400000, 0x0000000082300000| Complete 
|  36|0x0000000082400000, 0x0000000082500000, 0x0000000082500000|100%|HS|  |TAMS 0x0000000082500000, 0x0000000082400000| Complete 
|  37|0x0000000082500000, 0x0000000082600000, 0x0000000082600000|100%| O|  |TAMS 0x0000000082600000, 0x0000000082500000| Untracked 
|  38|0x0000000082600000, 0x0000000082700000, 0x0000000082700000|100%| O|  |TAMS 0x0000000082700000, 0x0000000082600000| Untracked 
|  39|0x0000000082700000, 0x0000000082800000, 0x0000000082800000|100%| O|  |TAMS 0x0000000082800000, 0x0000000082700000| Untracked 
|  40|0x0000000082800000, 0x0000000082900000, 0x0000000082900000|100%| O|  |TAMS 0x0000000082900000, 0x0000000082800000| Untracked 
|  41|0x0000000082900000, 0x0000000082a00000, 0x0000000082a00000|100%| O|  |TAMS 0x0000000082a00000, 0x0000000082900000| Untracked 
|  42|0x0000000082a00000, 0x0000000082b00000, 0x0000000082b00000|100%| O|  |TAMS 0x0000000082b00000, 0x0000000082a00000| Untracked 
|  43|0x0000000082b00000, 0x0000000082c00000, 0x0000000082c00000|100%| O|  |TAMS 0x0000000082c00000, 0x0000000082b00000| Untracked 
|  44|0x0000000082c00000, 0x0000000082d00000, 0x0000000082d00000|100%| O|  |TAMS 0x0000000082d00000, 0x0000000082c00000| Untracked 
|  45|0x0000000082d00000, 0x0000000082e00000, 0x0000000082e00000|100%| O|  |TAMS 0x0000000082e00000, 0x0000000082d00000| Untracked 
|  46|0x0000000082e00000, 0x0000000082f00000, 0x0000000082f00000|100%| O|  |TAMS 0x0000000082f00000, 0x0000000082e00000| Untracked 
|  47|0x0000000082f00000, 0x0000000083000000, 0x0000000083000000|100%| O|  |TAMS 0x0000000083000000, 0x0000000082f00000| Untracked 
|  48|0x0000000083000000, 0x0000000083100000, 0x0000000083100000|100%| O|  |TAMS 0x0000000083100000, 0x0000000083000000| Untracked 
|  49|0x0000000083100000, 0x0000000083200000, 0x0000000083200000|100%| O|  |TAMS 0x0000000083200000, 0x0000000083100000| Untracked 
|  50|0x0000000083200000, 0x0000000083300000, 0x0000000083300000|100%| O|  |TAMS 0x0000000083300000, 0x0000000083200000| Untracked 
|  51|0x0000000083300000, 0x0000000083400000, 0x0000000083400000|100%| O|  |TAMS 0x0000000083400000, 0x0000000083300000| Untracked 
|  52|0x0000000083400000, 0x0000000083500000, 0x0000000083500000|100%| O|  |TAMS 0x0000000083500000, 0x0000000083400000| Untracked 
|  53|0x0000000083500000, 0x0000000083600000, 0x0000000083600000|100%| O|  |TAMS 0x0000000083600000, 0x0000000083500000| Untracked 
|  54|0x0000000083600000, 0x0000000083700000, 0x0000000083700000|100%| O|  |TAMS 0x0000000083700000, 0x0000000083600000| Untracked 
|  55|0x0000000083700000, 0x0000000083800000, 0x0000000083800000|100%| O|  |TAMS 0x0000000083700000, 0x0000000083700000| Untracked 
|  56|0x0000000083800000, 0x0000000083900000, 0x0000000083900000|100%| O|  |TAMS 0x0000000083800000, 0x0000000083800000| Untracked 
|  57|0x0000000083900000, 0x0000000083a00000, 0x0000000083a00000|100%| O|  |TAMS 0x0000000083900000, 0x0000000083900000| Untracked 
|  58|0x0000000083a00000, 0x0000000083b00000, 0x0000000083b00000|100%| O|  |TAMS 0x0000000083b00000, 0x0000000083a00000| Untracked 
|  59|0x0000000083b00000, 0x0000000083c00000, 0x0000000083c00000|100%| O|  |TAMS 0x0000000083c00000, 0x0000000083b00000| Untracked 
|  60|0x0000000083c00000, 0x0000000083d00000, 0x0000000083d00000|100%| O|  |TAMS 0x0000000083d00000, 0x0000000083c00000| Untracked 
|  61|0x0000000083d00000, 0x0000000083e00000, 0x0000000083e00000|100%| O|  |TAMS 0x0000000083e00000, 0x0000000083d00000| Untracked 
|  62|0x0000000083e00000, 0x0000000083f00000, 0x0000000083f00000|100%| O|  |TAMS 0x0000000083e00000, 0x0000000083e00000| Untracked 
|  63|0x0000000083f00000, 0x0000000084000000, 0x0000000084000000|100%| O|  |TAMS 0x0000000083f00000, 0x0000000083f00000| Untracked 
|  64|0x0000000084000000, 0x0000000084100000, 0x0000000084100000|100%| O|  |TAMS 0x0000000084000000, 0x0000000084000000| Untracked 
|  65|0x0000000084100000, 0x0000000084200000, 0x0000000084200000|100%| O|  |TAMS 0x0000000084100000, 0x0000000084100000| Untracked 
|  66|0x0000000084200000, 0x0000000084300000, 0x0000000084300000|100%| O|  |TAMS 0x0000000084200000, 0x0000000084200000| Untracked 
|  67|0x0000000084300000, 0x0000000084400000, 0x0000000084400000|100%| O|  |TAMS 0x0000000084300000, 0x0000000084300000| Untracked 
|  68|0x0000000084400000, 0x0000000084500000, 0x0000000084500000|100%| O|  |TAMS 0x0000000084400000, 0x0000000084400000| Untracked 
|  69|0x0000000084500000, 0x0000000084600000, 0x0000000084600000|100%| O|  |TAMS 0x0000000084500000, 0x0000000084500000| Untracked 
|  70|0x0000000084600000, 0x0000000084700000, 0x0000000084700000|100%| O|  |TAMS 0x0000000084600000, 0x0000000084600000| Untracked 
|  71|0x0000000084700000, 0x0000000084800000, 0x0000000084800000|100%| O|  |TAMS 0x0000000084700000, 0x0000000084700000| Untracked 
|  72|0x0000000084800000, 0x0000000084900000, 0x0000000084900000|100%| O|  |TAMS 0x0000000084800000, 0x0000000084800000| Untracked 
|  73|0x0000000084900000, 0x0000000084941400, 0x0000000084a00000| 25%| O|  |TAMS 0x0000000084900000, 0x0000000084900000| Untracked 
|  74|0x0000000084a00000, 0x0000000084a00000, 0x0000000084b00000|  0%| F|  |TAMS 0x0000000084a00000, 0x0000000084a00000| Untracked 
|  75|0x0000000084b00000, 0x0000000084b00000, 0x0000000084c00000|  0%| F|  |TAMS 0x0000000084b00000, 0x0000000084b00000| Untracked 
|  76|0x0000000084c00000, 0x0000000084c00000, 0x0000000084d00000|  0%| F|  |TAMS 0x0000000084c00000, 0x0000000084c00000| Untracked 
|  77|0x0000000084d00000, 0x0000000084d00000, 0x0000000084e00000|  0%| F|  |TAMS 0x0000000084d00000, 0x0000000084d00000| Untracked 
|  78|0x0000000084e00000, 0x0000000084e00000, 0x0000000084f00000|  0%| F|  |TAMS 0x0000000084e00000, 0x0000000084e00000| Untracked 
|  79|0x0000000084f00000, 0x0000000084f00000, 0x0000000085000000|  0%| F|  |TAMS 0x0000000084f00000, 0x0000000084f00000| Untracked 
|  80|0x0000000085000000, 0x0000000085000000, 0x0000000085100000|  0%| F|  |TAMS 0x0000000085000000, 0x0000000085000000| Untracked 
|  81|0x0000000085100000, 0x0000000085100000, 0x0000000085200000|  0%| F|  |TAMS 0x0000000085100000, 0x0000000085100000| Untracked 
|  82|0x0000000085200000, 0x0000000085200000, 0x0000000085300000|  0%| F|  |TAMS 0x0000000085200000, 0x0000000085200000| Untracked 
|  83|0x0000000085300000, 0x0000000085300000, 0x0000000085400000|  0%| F|  |TAMS 0x0000000085300000, 0x0000000085300000| Untracked 
|  84|0x0000000085400000, 0x0000000085400000, 0x0000000085500000|  0%| F|  |TAMS 0x0000000085400000, 0x0000000085400000| Untracked 
|  85|0x0000000085500000, 0x0000000085500000, 0x0000000085600000|  0%| F|  |TAMS 0x0000000085500000, 0x0000000085500000| Untracked 
|  86|0x0000000085600000, 0x0000000085600000, 0x0000000085700000|  0%| F|  |TAMS 0x0000000085600000, 0x0000000085600000| Untracked 
|  87|0x0000000085700000, 0x0000000085700000, 0x0000000085800000|  0%| F|  |TAMS 0x0000000085700000, 0x0000000085700000| Untracked 
|  88|0x0000000085800000, 0x0000000085800000, 0x0000000085900000|  0%| F|  |TAMS 0x0000000085800000, 0x0000000085800000| Untracked 
|  89|0x0000000085900000, 0x0000000085900000, 0x0000000085a00000|  0%| F|  |TAMS 0x0000000085900000, 0x0000000085900000| Untracked 
|  90|0x0000000085a00000, 0x0000000085a00000, 0x0000000085b00000|  0%| F|  |TAMS 0x0000000085a00000, 0x0000000085a00000| Untracked 
|  91|0x0000000085b00000, 0x0000000085b00000, 0x0000000085c00000|  0%| F|  |TAMS 0x0000000085b00000, 0x0000000085b00000| Untracked 
|  92|0x0000000085c00000, 0x0000000085c9c4b0, 0x0000000085d00000| 61%| S|CS|TAMS 0x0000000085c00000, 0x0000000085c00000| Complete 
|  93|0x0000000085d00000, 0x0000000085d00000, 0x0000000085e00000|  0%| F|  |TAMS 0x0000000085d00000, 0x0000000085d00000| Untracked 
|  94|0x0000000085e00000, 0x0000000085e00000, 0x0000000085f00000|  0%| F|  |TAMS 0x0000000085e00000, 0x0000000085e00000| Untracked 
|  95|0x0000000085f00000, 0x0000000085f00000, 0x0000000086000000|  0%| F|  |TAMS 0x0000000085f00000, 0x0000000085f00000| Untracked 
|  96|0x0000000086000000, 0x0000000086000000, 0x0000000086100000|  0%| F|  |TAMS 0x0000000086000000, 0x0000000086000000| Untracked 
|  97|0x0000000086100000, 0x0000000086200000, 0x0000000086200000|100%| S|CS|TAMS 0x0000000086100000, 0x0000000086100000| Complete 
|  98|0x0000000086200000, 0x0000000086300000, 0x0000000086300000|100%| S|CS|TAMS 0x0000000086200000, 0x0000000086200000| Complete 
|  99|0x0000000086300000, 0x0000000086400000, 0x0000000086400000|100%| S|CS|TAMS 0x0000000086300000, 0x0000000086300000| Complete 
| 100|0x0000000086400000, 0x0000000086400000, 0x0000000086500000|  0%| F|  |TAMS 0x0000000086400000, 0x0000000086400000| Untracked 
| 101|0x0000000086500000, 0x0000000086600000, 0x0000000086600000|100%| S|CS|TAMS 0x0000000086500000, 0x0000000086500000| Complete 
| 102|0x0000000086600000, 0x0000000086700000, 0x0000000086700000|100%| S|CS|TAMS 0x0000000086600000, 0x0000000086600000| Complete 
| 103|0x0000000086700000, 0x0000000086700000, 0x0000000086800000|  0%| F|  |TAMS 0x0000000086700000, 0x0000000086700000| Untracked 
| 104|0x0000000086800000, 0x0000000086800000, 0x0000000086900000|  0%| F|  |TAMS 0x0000000086800000, 0x0000000086800000| Untracked 
| 105|0x0000000086900000, 0x0000000086900000, 0x0000000086a00000|  0%| F|  |TAMS 0x0000000086900000, 0x0000000086900000| Untracked 
| 106|0x0000000086a00000, 0x0000000086a00000, 0x0000000086b00000|  0%| F|  |TAMS 0x0000000086a00000, 0x0000000086a00000| Untracked 
| 107|0x0000000086b00000, 0x0000000086b00000, 0x0000000086c00000|  0%| F|  |TAMS 0x0000000086b00000, 0x0000000086b00000| Untracked 
| 108|0x0000000086c00000, 0x0000000086c00000, 0x0000000086d00000|  0%| F|  |TAMS 0x0000000086c00000, 0x0000000086c00000| Untracked 
| 109|0x0000000086d00000, 0x0000000086d00000, 0x0000000086e00000|  0%| F|  |TAMS 0x0000000086d00000, 0x0000000086d00000| Untracked 
| 110|0x0000000086e00000, 0x0000000086e00000, 0x0000000086f00000|  0%| F|  |TAMS 0x0000000086e00000, 0x0000000086e00000| Untracked 
| 111|0x0000000086f00000, 0x0000000086f00000, 0x0000000087000000|  0%| F|  |TAMS 0x0000000086f00000, 0x0000000086f00000| Untracked 
| 112|0x0000000087000000, 0x0000000087000000, 0x0000000087100000|  0%| F|  |TAMS 0x0000000087000000, 0x0000000087000000| Untracked 
| 113|0x0000000087100000, 0x0000000087100000, 0x0000000087200000|  0%| F|  |TAMS 0x0000000087100000, 0x0000000087100000| Untracked 
| 114|0x0000000087200000, 0x0000000087200000, 0x0000000087300000|  0%| F|  |TAMS 0x0000000087200000, 0x0000000087200000| Untracked 
| 115|0x0000000087300000, 0x0000000087300000, 0x0000000087400000|  0%| F|  |TAMS 0x0000000087300000, 0x0000000087300000| Untracked 
| 116|0x0000000087400000, 0x0000000087400000, 0x0000000087500000|  0%| F|  |TAMS 0x0000000087400000, 0x0000000087400000| Untracked 
| 117|0x0000000087500000, 0x0000000087500000, 0x0000000087600000|  0%| F|  |TAMS 0x0000000087500000, 0x0000000087500000| Untracked 
| 118|0x0000000087600000, 0x0000000087600000, 0x0000000087700000|  0%| F|  |TAMS 0x0000000087600000, 0x0000000087600000| Untracked 
| 119|0x0000000087700000, 0x0000000087700000, 0x0000000087800000|  0%| F|  |TAMS 0x0000000087700000, 0x0000000087700000| Untracked 
| 120|0x0000000087800000, 0x0000000087800000, 0x0000000087900000|  0%| F|  |TAMS 0x0000000087800000, 0x0000000087800000| Untracked 
| 121|0x0000000087900000, 0x0000000087900000, 0x0000000087a00000|  0%| F|  |TAMS 0x0000000087900000, 0x0000000087900000| Untracked 
| 122|0x0000000087a00000, 0x0000000087a00000, 0x0000000087b00000|  0%| F|  |TAMS 0x0000000087a00000, 0x0000000087a00000| Untracked 
| 123|0x0000000087b00000, 0x0000000087b00000, 0x0000000087c00000|  0%| F|  |TAMS 0x0000000087b00000, 0x0000000087b00000| Untracked 
| 124|0x0000000087c00000, 0x0000000087c00000, 0x0000000087d00000|  0%| F|  |TAMS 0x0000000087c00000, 0x0000000087c00000| Untracked 
| 125|0x0000000087d00000, 0x0000000087d00000, 0x0000000087e00000|  0%| F|  |TAMS 0x0000000087d00000, 0x0000000087d00000| Untracked 
| 126|0x0000000087e00000, 0x0000000087e00000, 0x0000000087f00000|  0%| F|  |TAMS 0x0000000087e00000, 0x0000000087e00000| Untracked 
| 127|0x0000000087f00000, 0x0000000087f00000, 0x0000000088000000|  0%| F|  |TAMS 0x0000000087f00000, 0x0000000087f00000| Untracked 
| 128|0x0000000088000000, 0x0000000088000000, 0x0000000088100000|  0%| F|  |TAMS 0x0000000088000000, 0x0000000088000000| Untracked 
| 129|0x0000000088100000, 0x0000000088100000, 0x0000000088200000|  0%| F|  |TAMS 0x0000000088100000, 0x0000000088100000| Untracked 
| 130|0x0000000088200000, 0x0000000088200000, 0x0000000088300000|  0%| F|  |TAMS 0x0000000088200000, 0x0000000088200000| Untracked 
| 131|0x0000000088300000, 0x0000000088300000, 0x0000000088400000|  0%| F|  |TAMS 0x0000000088300000, 0x0000000088300000| Untracked 
| 132|0x0000000088400000, 0x0000000088400000, 0x0000000088500000|  0%| F|  |TAMS 0x0000000088400000, 0x0000000088400000| Untracked 
| 133|0x0000000088500000, 0x0000000088500000, 0x0000000088600000|  0%| F|  |TAMS 0x0000000088500000, 0x0000000088500000| Untracked 
| 134|0x0000000088600000, 0x0000000088600000, 0x0000000088700000|  0%| F|  |TAMS 0x0000000088600000, 0x0000000088600000| Untracked 
| 135|0x0000000088700000, 0x0000000088700000, 0x0000000088800000|  0%| F|  |TAMS 0x0000000088700000, 0x0000000088700000| Untracked 
| 136|0x0000000088800000, 0x0000000088800000, 0x0000000088900000|  0%| F|  |TAMS 0x0000000088800000, 0x0000000088800000| Untracked 
| 137|0x0000000088900000, 0x0000000088900000, 0x0000000088a00000|  0%| F|  |TAMS 0x0000000088900000, 0x0000000088900000| Untracked 
| 138|0x0000000088a00000, 0x0000000088a00000, 0x0000000088b00000|  0%| F|  |TAMS 0x0000000088a00000, 0x0000000088a00000| Untracked 
| 139|0x0000000088b00000, 0x0000000088b00000, 0x0000000088c00000|  0%| F|  |TAMS 0x0000000088b00000, 0x0000000088b00000| Untracked 
| 140|0x0000000088c00000, 0x0000000088c00000, 0x0000000088d00000|  0%| F|  |TAMS 0x0000000088c00000, 0x0000000088c00000| Untracked 
| 141|0x0000000088d00000, 0x0000000088d00000, 0x0000000088e00000|  0%| F|  |TAMS 0x0000000088d00000, 0x0000000088d00000| Untracked 
| 142|0x0000000088e00000, 0x0000000088e00000, 0x0000000088f00000|  0%| F|  |TAMS 0x0000000088e00000, 0x0000000088e00000| Untracked 
| 143|0x0000000088f00000, 0x0000000088f00000, 0x0000000089000000|  0%| F|  |TAMS 0x0000000088f00000, 0x0000000088f00000| Untracked 
| 144|0x0000000089000000, 0x0000000089000000, 0x0000000089100000|  0%| F|  |TAMS 0x0000000089000000, 0x0000000089000000| Untracked 
| 145|0x0000000089100000, 0x0000000089100000, 0x0000000089200000|  0%| F|  |TAMS 0x0000000089100000, 0x0000000089100000| Untracked 
| 146|0x0000000089200000, 0x0000000089200000, 0x0000000089300000|  0%| F|  |TAMS 0x0000000089200000, 0x0000000089200000| Untracked 
| 147|0x0000000089300000, 0x0000000089300000, 0x0000000089400000|  0%| F|  |TAMS 0x0000000089300000, 0x0000000089300000| Untracked 
| 148|0x0000000089400000, 0x0000000089400000, 0x0000000089500000|  0%| F|  |TAMS 0x0000000089400000, 0x0000000089400000| Untracked 
| 149|0x0000000089500000, 0x0000000089500000, 0x0000000089600000|  0%| F|  |TAMS 0x0000000089500000, 0x0000000089500000| Untracked 
| 150|0x0000000089600000, 0x0000000089600000, 0x0000000089700000|  0%| F|  |TAMS 0x0000000089600000, 0x0000000089600000| Untracked 
| 151|0x0000000089700000, 0x0000000089700000, 0x0000000089800000|  0%| F|  |TAMS 0x0000000089700000, 0x0000000089700000| Untracked 
| 152|0x0000000089800000, 0x0000000089800000, 0x0000000089900000|  0%| F|  |TAMS 0x0000000089800000, 0x0000000089800000| Untracked 
| 153|0x0000000089900000, 0x0000000089900000, 0x0000000089a00000|  0%| F|  |TAMS 0x0000000089900000, 0x0000000089900000| Untracked 
| 154|0x0000000089a00000, 0x0000000089a00000, 0x0000000089b00000|  0%| F|  |TAMS 0x0000000089a00000, 0x0000000089a00000| Untracked 
| 155|0x0000000089b00000, 0x0000000089b00000, 0x0000000089c00000|  0%| F|  |TAMS 0x0000000089b00000, 0x0000000089b00000| Untracked 
| 156|0x0000000089c00000, 0x0000000089c00000, 0x0000000089d00000|  0%| F|  |TAMS 0x0000000089c00000, 0x0000000089c00000| Untracked 
| 157|0x0000000089d00000, 0x0000000089d00000, 0x0000000089e00000|  0%| F|  |TAMS 0x0000000089d00000, 0x0000000089d00000| Untracked 
| 158|0x0000000089e00000, 0x0000000089e00000, 0x0000000089f00000|  0%| F|  |TAMS 0x0000000089e00000, 0x0000000089e00000| Untracked 
| 159|0x0000000089f00000, 0x0000000089f00000, 0x000000008a000000|  0%| F|  |TAMS 0x0000000089f00000, 0x0000000089f00000| Untracked 
| 160|0x000000008a000000, 0x000000008a000000, 0x000000008a100000|  0%| F|  |TAMS 0x000000008a000000, 0x000000008a000000| Untracked 
| 161|0x000000008a100000, 0x000000008a100000, 0x000000008a200000|  0%| F|  |TAMS 0x000000008a100000, 0x000000008a100000| Untracked 
| 162|0x000000008a200000, 0x000000008a200000, 0x000000008a300000|  0%| F|  |TAMS 0x000000008a200000, 0x000000008a200000| Untracked 
| 163|0x000000008a300000, 0x000000008a300000, 0x000000008a400000|  0%| F|  |TAMS 0x000000008a300000, 0x000000008a300000| Untracked 
| 164|0x000000008a400000, 0x000000008a400000, 0x000000008a500000|  0%| F|  |TAMS 0x000000008a400000, 0x000000008a400000| Untracked 
| 165|0x000000008a500000, 0x000000008a500000, 0x000000008a600000|  0%| F|  |TAMS 0x000000008a500000, 0x000000008a500000| Untracked 
| 166|0x000000008a600000, 0x000000008a600000, 0x000000008a700000|  0%| F|  |TAMS 0x000000008a600000, 0x000000008a600000| Untracked 
| 167|0x000000008a700000, 0x000000008a700000, 0x000000008a800000|  0%| F|  |TAMS 0x000000008a700000, 0x000000008a700000| Untracked 
| 168|0x000000008a800000, 0x000000008a800000, 0x000000008a900000|  0%| F|  |TAMS 0x000000008a800000, 0x000000008a800000| Untracked 
| 169|0x000000008a900000, 0x000000008a900000, 0x000000008aa00000|  0%| F|  |TAMS 0x000000008a900000, 0x000000008a900000| Untracked 
| 170|0x000000008aa00000, 0x000000008aa00000, 0x000000008ab00000|  0%| F|  |TAMS 0x000000008aa00000, 0x000000008aa00000| Untracked 
| 171|0x000000008ab00000, 0x000000008ab00000, 0x000000008ac00000|  0%| F|  |TAMS 0x000000008ab00000, 0x000000008ab00000| Untracked 
| 172|0x000000008ac00000, 0x000000008ac00000, 0x000000008ad00000|  0%| F|  |TAMS 0x000000008ac00000, 0x000000008ac00000| Untracked 
| 173|0x000000008ad00000, 0x000000008ad00000, 0x000000008ae00000|  0%| F|  |TAMS 0x000000008ad00000, 0x000000008ad00000| Untracked 
| 174|0x000000008ae00000, 0x000000008ae00000, 0x000000008af00000|  0%| F|  |TAMS 0x000000008ae00000, 0x000000008ae00000| Untracked 
| 175|0x000000008af00000, 0x000000008af00000, 0x000000008b000000|  0%| F|  |TAMS 0x000000008af00000, 0x000000008af00000| Untracked 
| 176|0x000000008b000000, 0x000000008b000000, 0x000000008b100000|  0%| F|  |TAMS 0x000000008b000000, 0x000000008b000000| Untracked 
| 177|0x000000008b100000, 0x000000008b100000, 0x000000008b200000|  0%| F|  |TAMS 0x000000008b100000, 0x000000008b100000| Untracked 
| 178|0x000000008b200000, 0x000000008b200000, 0x000000008b300000|  0%| F|  |TAMS 0x000000008b200000, 0x000000008b200000| Untracked 
| 179|0x000000008b300000, 0x000000008b300000, 0x000000008b400000|  0%| F|  |TAMS 0x000000008b300000, 0x000000008b300000| Untracked 
| 180|0x000000008b400000, 0x000000008b400000, 0x000000008b500000|  0%| F|  |TAMS 0x000000008b400000, 0x000000008b400000| Untracked 
| 181|0x000000008b500000, 0x000000008b500000, 0x000000008b600000|  0%| F|  |TAMS 0x000000008b500000, 0x000000008b500000| Untracked 
| 182|0x000000008b600000, 0x000000008b600000, 0x000000008b700000|  0%| F|  |TAMS 0x000000008b600000, 0x000000008b600000| Untracked 
| 183|0x000000008b700000, 0x000000008b700000, 0x000000008b800000|  0%| F|  |TAMS 0x000000008b700000, 0x000000008b700000| Untracked 
| 184|0x000000008b800000, 0x000000008b800000, 0x000000008b900000|  0%| F|  |TAMS 0x000000008b800000, 0x000000008b800000| Untracked 
| 185|0x000000008b900000, 0x000000008b900000, 0x000000008ba00000|  0%| F|  |TAMS 0x000000008b900000, 0x000000008b900000| Untracked 
| 186|0x000000008ba00000, 0x000000008ba00000, 0x000000008bb00000|  0%| F|  |TAMS 0x000000008ba00000, 0x000000008ba00000| Untracked 
| 187|0x000000008bb00000, 0x000000008bb00000, 0x000000008bc00000|  0%| F|  |TAMS 0x000000008bb00000, 0x000000008bb00000| Untracked 
| 188|0x000000008bc00000, 0x000000008bc00000, 0x000000008bd00000|  0%| F|  |TAMS 0x000000008bc00000, 0x000000008bc00000| Untracked 
| 189|0x000000008bd00000, 0x000000008bd00000, 0x000000008be00000|  0%| F|  |TAMS 0x000000008bd00000, 0x000000008bd00000| Untracked 

Card table byte_map: [0x00000213df250000,0x00000213df650000] _byte_map_base: 0x00000213dee50000

Marking Bits (Prev, Next): (CMBitMap*) 0x00000213cabe36a0, (CMBitMap*) 0x00000213cabe36e0
 Prev Bits: [0x00000213dfa50000, 0x00000213e1a50000)
 Next Bits: [0x00000213e1a50000, 0x00000213e3a50000)

Polling page: 0x00000213cac50000

Metaspace:

Usage:
  Non-class:     57.47 MB used.
      Class:      8.92 MB used.
       Both:     66.39 MB used.

Virtual space:
  Non-class space:       64.00 MB reserved,      57.81 MB ( 90%) committed,  8 nodes.
      Class space:        1.00 GB reserved,       9.25 MB ( <1%) committed,  1 nodes.
             Both:        1.06 GB reserved,      67.06 MB (  6%) committed. 

Chunk freelists:
   Non-Class:  1.52 MB
       Class:  2.78 MB
        Both:  4.29 MB

MaxMetaspaceSize: unlimited
CompressedClassSpaceSize: 1.00 GB
Initial GC threshold: 21.00 MB
Current GC threshold: 103.12 MB
CDS: off
MetaspaceReclaimPolicy: balanced
 - commit_granule_bytes: 65536.
 - commit_granule_words: 8192.
 - virtual_space_node_default_size: 1048576.
 - enlarge_chunks_in_place: 1.
 - new_chunks_are_fully_committed: 0.
 - uncommit_free_chunks: 1.
 - use_allocation_guard: 0.
 - handle_deallocations: 1.


Internal statistics:

num_allocs_failed_limit: 9.
num_arena_births: 1188.
num_arena_deaths: 0.
num_vsnodes_births: 9.
num_vsnodes_deaths: 0.
num_space_committed: 1073.
num_space_uncommitted: 0.
num_chunks_returned_to_freelist: 9.
num_chunks_taken_from_freelist: 3974.
num_chunk_merges: 9.
num_chunk_splits: 2326.
num_chunks_enlarged: 1239.
num_purges: 0.
num_inconsistent_stats: 0.

CodeHeap 'non-profiled nmethods': size=120000Kb used=2848Kb max_used=2974Kb free=117152Kb
 bounds [0x00000213d72f0000, 0x00000213d75e0000, 0x00000213de820000]
CodeHeap 'profiled nmethods': size=120000Kb used=13730Kb max_used=14131Kb free=106269Kb
 bounds [0x00000213cf820000, 0x00000213d05f0000, 0x00000213d6d50000]
CodeHeap 'non-nmethods': size=5760Kb used=2331Kb max_used=2374Kb free=3428Kb
 bounds [0x00000213d6d50000, 0x00000213d6fc0000, 0x00000213d72f0000]
 total_blobs=8439 nmethods=7589 adapters=762
 compilation: enabled
              stopped_count=0, restarted_count=0
 full_count=0

Compilation events (20 events):
Event: 13.870 Thread 0x00000213e6c53ca0 8608       3       org.gradle.execution.plan.ValuedVfsHierarchy$1::handleAsDescendantOfChild (12 bytes)
Event: 13.870 Thread 0x00000213e6c53ca0 nmethod 8608 0x00000213cfd2e510 code [0x00000213cfd2e6c0, 0x00000213cfd2e868]
Event: 13.870 Thread 0x00000213e6c53ca0 8609       3       org.gradle.execution.plan.ValuedVfsHierarchy::access$000 (7 bytes)
Event: 13.870 Thread 0x00000213e6c53ca0 nmethod 8609 0x00000213cfd2e190 code [0x00000213cfd2e320, 0x00000213cfd2e448]
Event: 13.881 Thread 0x00000213e6c4b2e0 nmethod 8583 0x00000213d742df90 code [0x00000213d742e200, 0x00000213d742f228]
Event: 13.881 Thread 0x00000213e6c4b2e0 8610       4       java.util.Arrays::sort (47 bytes)
Event: 13.927 Thread 0x00000213e6c4b2e0 nmethod 8610 0x00000213d742b510 code [0x00000213d742b760, 0x00000213d742d240]
Event: 13.927 Thread 0x00000213e6c4b2e0 8601       4       org.gradle.internal.snapshot.impl.AbstractScalarValueSnapshot::equals (41 bytes)
Event: 13.930 Thread 0x00000213e6c4b2e0 nmethod 8601 0x00000213d742ae10 code [0x00000213d742afa0, 0x00000213d742b318]
Event: 13.930 Thread 0x00000213e6c4b2e0 8581       4       com.google.common.cache.LocalCache$Segment::getFirst (21 bytes)
Event: 13.932 Thread 0x00000213e6c4b2e0 nmethod 8581 0x00000213d742a990 code [0x00000213d742ab20, 0x00000213d742ac98]
Event: 13.932 Thread 0x00000213e6c4b2e0 8599       4       java.util.LinkedHashMap$LinkedEntrySet::iterator (12 bytes)
Event: 13.934 Thread 0x00000213e6c4b2e0 nmethod 8599 0x00000213d742a510 code [0x00000213d742a6a0, 0x00000213d742a858]
Event: 13.934 Thread 0x00000213e6c4b2e0 8600       4       java.util.LinkedHashMap::entrySet (27 bytes)
Event: 13.936 Thread 0x00000213e6c4b2e0 nmethod 8600 0x00000213d742a110 code [0x00000213d742a2a0, 0x00000213d742a458]
Event: 13.936 Thread 0x00000213e6c4b2e0 8613       4       java.util.TimSort::countRunAndMakeAscending (128 bytes)
Event: 13.939 Thread 0x00000213e6c53ca0 8614       3       org.gradle.internal.logging.slf4j.OutputEventListenerBackedLogger::isLevelAtMost (20 bytes)
Event: 13.940 Thread 0x00000213e6c53ca0 nmethod 8614 0x00000213cfd2db10 code [0x00000213cfd2dcc0, 0x00000213cfd2dfe8]
Event: 13.950 Thread 0x00000213e6c4b2e0 nmethod 8613 0x00000213d7429310 code [0x00000213d74294a0, 0x00000213d7429d98]
Event: 13.950 Thread 0x00000213e6c4b2e0 8603       4       java.util.ArrayList::<init> (63 bytes)

GC Heap History (20 events):
Event: 8.498 GC heap after
{Heap after GC invocations=16 (full 0):
 garbage-first heap   total 129024K, used 49857K [0x0000000080000000, 0x0000000100000000)
  region size 1024K, 8 young (8192K), 8 survivors (8192K)
 Metaspace       used 52272K, committed 52800K, reserved 1097728K
  class space    used 6931K, committed 7168K, reserved 1048576K
}
Event: 9.329 GC heap before
{Heap before GC invocations=16 (full 0):
 garbage-first heap   total 129024K, used 94913K [0x0000000080000000, 0x0000000100000000)
  region size 1024K, 52 young (53248K), 8 survivors (8192K)
 Metaspace       used 55476K, committed 56064K, reserved 1105920K
  class space    used 7409K, committed 7680K, reserved 1048576K
}
Event: 9.341 GC heap after
{Heap after GC invocations=17 (full 0):
 garbage-first heap   total 129024K, used 55251K [0x0000000080000000, 0x0000000100000000)
  region size 1024K, 5 young (5120K), 5 survivors (5120K)
 Metaspace       used 55476K, committed 56064K, reserved 1105920K
  class space    used 7409K, committed 7680K, reserved 1048576K
}
Event: 9.970 GC heap before
{Heap before GC invocations=17 (full 0):
 garbage-first heap   total 129024K, used 90067K [0x0000000080000000, 0x0000000100000000)
  region size 1024K, 40 young (40960K), 5 survivors (5120K)
 Metaspace       used 59774K, committed 60416K, reserved 1105920K
  class space    used 8149K, committed 8512K, reserved 1048576K
}
Event: 9.983 GC heap after
{Heap after GC invocations=18 (full 0):
 garbage-first heap   total 129024K, used 60572K [0x0000000080000000, 0x0000000100000000)
  region size 1024K, 5 young (5120K), 5 survivors (5120K)
 Metaspace       used 59774K, committed 60416K, reserved 1105920K
  class space    used 8149K, committed 8512K, reserved 1048576K
}
Event: 10.550 GC heap before
{Heap before GC invocations=19 (full 0):
 garbage-first heap   total 129024K, used 100508K [0x0000000080000000, 0x0000000100000000)
  region size 1024K, 42 young (43008K), 5 survivors (5120K)
 Metaspace       used 62322K, committed 62976K, reserved 1105920K
  class space    used 8370K, committed 8704K, reserved 1048576K
}
Event: 10.562 GC heap after
{Heap after GC invocations=20 (full 0):
 garbage-first heap   total 129024K, used 64376K [0x0000000080000000, 0x0000000100000000)
  region size 1024K, 4 young (4096K), 4 survivors (4096K)
 Metaspace       used 62322K, committed 62976K, reserved 1105920K
  class space    used 8370K, committed 8704K, reserved 1048576K
}
Event: 11.105 GC heap before
{Heap before GC invocations=20 (full 0):
 garbage-first heap   total 129024K, used 101240K [0x0000000080000000, 0x0000000100000000)
  region size 1024K, 40 young (40960K), 4 survivors (4096K)
 Metaspace       used 62637K, committed 63296K, reserved 1105920K
  class space    used 8384K, committed 8704K, reserved 1048576K
}
Event: 11.117 GC heap after
{Heap after GC invocations=21 (full 0):
 garbage-first heap   total 129024K, used 66785K [0x0000000080000000, 0x0000000100000000)
  region size 1024K, 3 young (3072K), 3 survivors (3072K)
 Metaspace       used 62637K, committed 63296K, reserved 1105920K
  class space    used 8384K, committed 8704K, reserved 1048576K
}
Event: 11.681 GC heap before
{Heap before GC invocations=22 (full 0):
 garbage-first heap   total 129024K, used 101601K [0x0000000080000000, 0x0000000100000000)
  region size 1024K, 38 young (38912K), 3 survivors (3072K)
 Metaspace       used 62867K, committed 63552K, reserved 1105920K
  class space    used 8384K, committed 8704K, reserved 1048576K
}
Event: 11.688 GC heap after
{Heap after GC invocations=23 (full 0):
 garbage-first heap   total 129024K, used 68454K [0x0000000080000000, 0x0000000100000000)
  region size 1024K, 4 young (4096K), 4 survivors (4096K)
 Metaspace       used 62867K, committed 63552K, reserved 1105920K
  class space    used 8384K, committed 8704K, reserved 1048576K
}
Event: 11.706 GC heap before
{Heap before GC invocations=23 (full 0):
 garbage-first heap   total 129024K, used 70502K [0x0000000080000000, 0x0000000100000000)
  region size 1024K, 6 young (6144K), 4 survivors (4096K)
 Metaspace       used 62872K, committed 63552K, reserved 1105920K
  class space    used 8384K, committed 8704K, reserved 1048576K
}
Event: 11.714 GC heap after
{Heap after GC invocations=24 (full 0):
 garbage-first heap   total 155648K, used 68569K [0x0000000080000000, 0x0000000100000000)
  region size 1024K, 1 young (1024K), 1 survivors (1024K)
 Metaspace       used 62872K, committed 63552K, reserved 1105920K
  class space    used 8384K, committed 8704K, reserved 1048576K
}
Event: 12.174 GC heap before
{Heap before GC invocations=24 (full 0):
 garbage-first heap   total 155648K, used 123865K [0x0000000080000000, 0x0000000100000000)
  region size 1024K, 55 young (56320K), 1 survivors (1024K)
 Metaspace       used 63240K, committed 63872K, reserved 1105920K
  class space    used 8427K, committed 8768K, reserved 1048576K
}
Event: 12.182 GC heap after
{Heap after GC invocations=25 (full 0):
 garbage-first heap   total 155648K, used 71542K [0x0000000080000000, 0x0000000100000000)
  region size 1024K, 4 young (4096K), 4 survivors (4096K)
 Metaspace       used 63240K, committed 63872K, reserved 1105920K
  class space    used 8427K, committed 8768K, reserved 1048576K
}
Event: 12.794 GC heap before
{Heap before GC invocations=25 (full 0):
 garbage-first heap   total 155648K, used 123766K [0x0000000080000000, 0x0000000100000000)
  region size 1024K, 56 young (57344K), 4 survivors (4096K)
 Metaspace       used 64397K, committed 65024K, reserved 1105920K
  class space    used 8584K, committed 8896K, reserved 1048576K
}
Event: 12.806 GC heap after
{Heap after GC invocations=26 (full 0):
 garbage-first heap   total 155648K, used 74909K [0x0000000080000000, 0x0000000100000000)
  region size 1024K, 7 young (7168K), 7 survivors (7168K)
 Metaspace       used 64397K, committed 65024K, reserved 1105920K
  class space    used 8584K, committed 8896K, reserved 1048576K
}
Event: 13.435 GC heap before
{Heap before GC invocations=26 (full 0):
 garbage-first heap   total 155648K, used 126109K [0x0000000080000000, 0x0000000100000000)
  region size 1024K, 58 young (59392K), 7 survivors (7168K)
 Metaspace       used 66931K, committed 67648K, reserved 1114112K
  class space    used 8989K, committed 9344K, reserved 1048576K
}
Event: 13.448 GC heap after
{Heap after GC invocations=27 (full 0):
 garbage-first heap   total 155648K, used 77919K [0x0000000080000000, 0x0000000100000000)
  region size 1024K, 7 young (7168K), 7 survivors (7168K)
 Metaspace       used 66931K, committed 67648K, reserved 1114112K
  class space    used 8989K, committed 9344K, reserved 1048576K
}
Event: 13.955 GC heap before
{Heap before GC invocations=27 (full 0):
 garbage-first heap   total 155648K, used 127071K [0x0000000080000000, 0x0000000100000000)
  region size 1024K, 56 young (57344K), 7 survivors (7168K)
 Metaspace       used 67985K, committed 68672K, reserved 1114112K
  class space    used 9132K, committed 9472K, reserved 1048576K
}

Dll operation events (2 events):
Event: 0.012 Loaded shared library C:\Program Files\Android\Android Studio\jbr\bin\java.dll
Event: 0.590 Loaded shared library C:\Program Files\Android\Android Studio\jbr\bin\verify.dll

Deoptimization events (20 events):
Event: 13.929 Thread 0x00000213ea492530 Uncommon trap: trap_request=0xffffffd6 fr.pc=0x00000213d742cf84 relative=0x0000000000001824
Event: 13.929 Thread 0x00000213ea492530 Uncommon trap: reason=array_check action=maybe_recompile pc=0x00000213d742cf84 method=java.util.TimSort.reverseRange([Ljava/lang/Object;II)V @ 20 c2
Event: 13.929 Thread 0x00000213ea492530 DEOPT PACKING pc=0x00000213d742cf84 sp=0x0000004cb66f9f20
Event: 13.929 Thread 0x00000213ea492530 DEOPT UNPACKING pc=0x00000213d6da69a3 sp=0x0000004cb66f9d50 mode 2
Event: 13.929 Thread 0x00000213ea492530 Uncommon trap: trap_request=0xffffffd6 fr.pc=0x00000213d742cf84 relative=0x0000000000001824
Event: 13.929 Thread 0x00000213ea492530 Uncommon trap: reason=array_check action=maybe_recompile pc=0x00000213d742cf84 method=java.util.TimSort.reverseRange([Ljava/lang/Object;II)V @ 20 c2
Event: 13.929 Thread 0x00000213ea492530 DEOPT PACKING pc=0x00000213d742cf84 sp=0x0000004cb66f9c90
Event: 13.929 Thread 0x00000213ea492530 DEOPT UNPACKING pc=0x00000213d6da69a3 sp=0x0000004cb66f9ac0 mode 2
Event: 13.929 Thread 0x00000213ea492530 Uncommon trap: trap_request=0xffffffd6 fr.pc=0x00000213d742cf84 relative=0x0000000000001824
Event: 13.929 Thread 0x00000213ea492530 Uncommon trap: reason=array_check action=maybe_recompile pc=0x00000213d742cf84 method=java.util.TimSort.reverseRange([Ljava/lang/Object;II)V @ 20 c2
Event: 13.929 Thread 0x00000213ea492530 DEOPT PACKING pc=0x00000213d742cf84 sp=0x0000004cb66f9c90
Event: 13.929 Thread 0x00000213ea492530 DEOPT UNPACKING pc=0x00000213d6da69a3 sp=0x0000004cb66f9ac0 mode 2
Event: 13.951 Thread 0x00000213ea492530 Uncommon trap: trap_request=0xffffffd6 fr.pc=0x00000213d7429cb0 relative=0x0000000000000810
Event: 13.951 Thread 0x00000213ea492530 Uncommon trap: reason=array_check action=maybe_recompile pc=0x00000213d7429cb0 method=java.util.TimSort.reverseRange([Ljava/lang/Object;II)V @ 27 c2
Event: 13.951 Thread 0x00000213ea492530 DEOPT PACKING pc=0x00000213d7429cb0 sp=0x0000004cb66f85b0
Event: 13.951 Thread 0x00000213ea492530 DEOPT UNPACKING pc=0x00000213d6da69a3 sp=0x0000004cb66f8500 mode 2
Event: 13.952 Thread 0x00000213ea492530 Uncommon trap: trap_request=0xffffffd6 fr.pc=0x00000213d7429cb0 relative=0x0000000000000810
Event: 13.952 Thread 0x00000213ea492530 Uncommon trap: reason=array_check action=maybe_recompile pc=0x00000213d7429cb0 method=java.util.TimSort.reverseRange([Ljava/lang/Object;II)V @ 27 c2
Event: 13.952 Thread 0x00000213ea492530 DEOPT PACKING pc=0x00000213d7429cb0 sp=0x0000004cb66f9db0
Event: 13.952 Thread 0x00000213ea492530 DEOPT UNPACKING pc=0x00000213d6da69a3 sp=0x0000004cb66f9d00 mode 2

Classes unloaded (0 events):
No events

Classes redefined (0 events):
No events

Internal exceptions (20 events):
Event: 10.296 Thread 0x00000213ea492530 Exception <a 'java/lang/ClassNotFoundException'{0x0000000086940330}: java/lang/StringBeanInfo> (0x0000000086940330) 
thrown [s\src\hotspot\share\classfile\systemDictionary.cpp, line 256]
Event: 10.296 Thread 0x00000213ea492530 Exception <a 'java/lang/ClassNotFoundException'{0x0000000086943dd0}: java/lang/StringCustomizer> (0x0000000086943dd0) 
thrown [s\src\hotspot\share\classfile\systemDictionary.cpp, line 256]
Event: 10.325 Thread 0x00000213ea492530 Exception <a 'java/lang/ClassNotFoundException'{0x00000000868bbd40}: java/lang/BooleanBeanInfo> (0x00000000868bbd40) 
thrown [s\src\hotspot\share\classfile\systemDictionary.cpp, line 256]
Event: 10.325 Thread 0x00000213ea492530 Exception <a 'java/lang/ClassNotFoundException'{0x00000000868bed50}: java/lang/BooleanCustomizer> (0x00000000868bed50) 
thrown [s\src\hotspot\share\classfile\systemDictionary.cpp, line 256]
Event: 11.081 Thread 0x00000213ea495550 Implicit null exception at 0x00000213d75b19d7 to 0x00000213d75b31e8
Event: 12.384 Thread 0x00000213ea492530 Exception <a 'java/lang/NoSuchMethodError'{0x00000000882d5be8}: static Lcom/android/build/gradle/internal/scope/InternalArtifactType;.<clinit>()V> (0x00000000882d5be8) 
thrown [s\src\hotspot\share\prims\jni.cpp, line 1108]
Event: 12.385 Thread 0x00000213ea492530 Exception <a 'java/lang/NoSuchMethodError'{0x00000000882d75e8}: static Lcom/android/build/gradle/internal/scope/InternalArtifactType;.<clinit>()V> (0x00000000882d75e8) 
thrown [s\src\hotspot\share\prims\jni.cpp, line 1108]
Event: 12.385 Thread 0x00000213ea492530 Exception <a 'java/lang/NoSuchMethodError'{0x00000000882daa30}: static Lcom/android/build/api/artifact/Artifact$Single;.<clinit>()V> (0x00000000882daa30) 
thrown [s\src\hotspot\share\prims\jni.cpp, line 1108]
Event: 12.385 Thread 0x00000213ea492530 Exception <a 'java/lang/NoSuchMethodError'{0x00000000882dd268}: static Ljava/lang/Object;.<clinit>()V> (0x00000000882dd268) 
thrown [s\src\hotspot\share\prims\jni.cpp, line 1108]
Event: 12.388 Thread 0x00000213ea492530 Exception <a 'java/lang/NoSuchMethodError'{0x00000000882f78c8}: static Lcom/android/build/api/artifact/ArtifactKind;.<clinit>()V> (0x00000000882f78c8) 
thrown [s\src\hotspot\share\prims\jni.cpp, line 1108]
Event: 12.388 Thread 0x00000213ea492530 Exception <a 'java/lang/NoSuchMethodError'{0x00000000882f8d30}: static Lcom/android/build/api/artifact/ArtifactKind;.<clinit>()V> (0x00000000882f8d30) 
thrown [s\src\hotspot\share\prims\jni.cpp, line 1108]
Event: 12.737 Thread 0x00000213ea492530 Exception <a 'sun/nio/fs/WindowsException'{0x000000008686ebe0}> (0x000000008686ebe0) 
thrown [s\src\hotspot\share\prims\jni.cpp, line 517]
Event: 12.806 Thread 0x00000213ea492530 Exception <a 'sun/nio/fs/WindowsException'{0x000000008bd010a0}> (0x000000008bd010a0) 
thrown [s\src\hotspot\share\prims\jni.cpp, line 517]
Event: 13.103 Thread 0x00000213ea492530 Exception <a 'java/lang/NullPointerException'{0x0000000087ae8bd8}> (0x0000000087ae8bd8) 
thrown [s\src\hotspot\share\interpreter\linkResolver.cpp, line 1447]
Event: 13.579 Thread 0x00000213ea492530 Exception <a 'sun/nio/fs/WindowsException'{0x0000000088c34bb0}> (0x0000000088c34bb0) 
thrown [s\src\hotspot\share\prims\jni.cpp, line 517]
Event: 13.579 Thread 0x00000213ea492530 Exception <a 'sun/nio/fs/WindowsException'{0x0000000088c35c98}> (0x0000000088c35c98) 
thrown [s\src\hotspot\share\prims\jni.cpp, line 517]
Event: 13.579 Thread 0x00000213ea492530 Exception <a 'sun/nio/fs/WindowsException'{0x0000000088c36db8}> (0x0000000088c36db8) 
thrown [s\src\hotspot\share\prims\jni.cpp, line 517]
Event: 13.579 Thread 0x00000213ea492530 Exception <a 'sun/nio/fs/WindowsException'{0x0000000088c37ed8}> (0x0000000088c37ed8) 
thrown [s\src\hotspot\share\prims\jni.cpp, line 517]
Event: 13.634 Thread 0x00000213ea492530 Exception <a 'java/lang/NoSuchMethodError'{0x0000000088736c60}: 'java.lang.Object java.lang.invoke.DirectMethodHandle$Holder.invokeSpecial(java.lang.Object, java.lang.Object, long, java.lang.Object, java.lang.Object, java.lang.Object, java.lang.Object, java.lang.Object, java.lang.Object)'> (0x0000000088736c60) 
thrown [s\src\hotspot\share\interpreter\linkResolver.cpp, line 771]
Event: 13.635 Thread 0x00000213ea492530 Exception <a 'java/lang/NoSuchMethodError'{0x00000000887c6128}: 'java.lang.Object java.lang.invoke.DelegatingMethodHandle$Holder.reinvoke_L(java.lang.Object, long, java.lang.Object, java.lang.Object, java.lang.Object, java.lang.Object, java.lang.Object, java.lang.Object)'> (0x00000000887c6128) 
thrown [s\src\hotspot\share\interpreter\linkResolver.cpp, line 771]

VM Operations (20 events):
Event: 12.391 Executing VM operation: HandshakeAllThreads done
Event: 12.656 Executing VM operation: ICBufferFull
Event: 12.656 Executing VM operation: ICBufferFull done
Event: 12.793 Executing VM operation: G1CollectForAllocation
Event: 12.806 Executing VM operation: G1CollectForAllocation done
Event: 12.821 Executing VM operation: HandshakeAllThreads
Event: 12.821 Executing VM operation: HandshakeAllThreads done
Event: 12.825 Executing VM operation: HandshakeAllThreads
Event: 12.826 Executing VM operation: HandshakeAllThreads done
Event: 13.034 Executing VM operation: HandshakeAllThreads
Event: 13.035 Executing VM operation: HandshakeAllThreads done
Event: 13.145 Executing VM operation: HandshakeAllThreads
Event: 13.145 Executing VM operation: HandshakeAllThreads done
Event: 13.242 Executing VM operation: ICBufferFull
Event: 13.243 Executing VM operation: ICBufferFull done
Event: 13.266 Executing VM operation: HandshakeAllThreads
Event: 13.267 Executing VM operation: HandshakeAllThreads done
Event: 13.434 Executing VM operation: G1CollectForAllocation
Event: 13.448 Executing VM operation: G1CollectForAllocation done
Event: 13.955 Executing VM operation: G1CollectForAllocation

Events (20 events):
Event: 13.549 loading class org/xml/sax/helpers/AttributesImpl
Event: 13.550 loading class org/xml/sax/helpers/AttributesImpl done
Event: 13.551 loading class java/util/regex/Pattern$LookBehindEndNode
Event: 13.551 loading class java/util/regex/Pattern$LookBehindEndNode done
Event: 13.551 loading class java/util/regex/Pattern$Behind
Event: 13.551 loading class java/util/regex/Pattern$Behind done
Event: 13.551 loading class java/util/regex/Pattern$NotBehind
Event: 13.551 loading class java/util/regex/Pattern$NotBehind done
Event: 13.551 loading class java/util/regex/Pattern$Neg
Event: 13.551 loading class java/util/regex/Pattern$Neg done
Event: 13.571 loading class javax/xml/datatype/DatatypeConfigurationException
Event: 13.571 loading class javax/xml/datatype/DatatypeConfigurationException done
Event: 13.580 loading class java/util/EnumMap$EntrySet
Event: 13.580 loading class java/util/EnumMap$EntrySet done
Event: 13.580 loading class java/util/EnumMap$EntryIterator
Event: 13.580 loading class java/util/EnumMap$EnumMapIterator
Event: 13.580 loading class java/util/EnumMap$EnumMapIterator done
Event: 13.580 loading class java/util/EnumMap$EntryIterator done
Event: 13.581 loading class java/util/EnumMap$EntryIterator$Entry
Event: 13.581 loading class java/util/EnumMap$EntryIterator$Entry done


Dynamic libraries:
0x00007ff6d6680000 - 0x00007ff6d668a000 	C:\Program Files\Android\Android Studio\jbr\bin\java.exe
0x00007ffa9b010000 - 0x00007ffa9b227000 	C:\Windows\SYSTEM32\ntdll.dll
0x00007ffa99c80000 - 0x00007ffa99d44000 	C:\Windows\System32\KERNEL32.DLL
0x00007ffa984b0000 - 0x00007ffa98856000 	C:\Windows\System32\KERNELBASE.dll
0x00007ffa98a60000 - 0x00007ffa98b71000 	C:\Windows\System32\ucrtbase.dll
0x00007ffa85db0000 - 0x00007ffa85dcb000 	C:\Program Files\Android\Android Studio\jbr\bin\VCRUNTIME140.dll
0x00007ffa867f0000 - 0x00007ffa86807000 	C:\Program Files\Android\Android Studio\jbr\bin\jli.dll
0x00007ffa9a760000 - 0x00007ffa9a90d000 	C:\Windows\System32\USER32.dll
0x00007ffa98970000 - 0x00007ffa98996000 	C:\Windows\System32\win32u.dll
0x00007ffa87430000 - 0x00007ffa876c3000 	C:\Windows\WinSxS\amd64_microsoft.windows.common-controls_6595b64144ccf1df_6.0.22621.2361_none_2712ced57382f843\COMCTL32.dll
0x00007ffa991a0000 - 0x00007ffa991c9000 	C:\Windows\System32\GDI32.dll
0x00007ffa99590000 - 0x00007ffa99637000 	C:\Windows\System32\msvcrt.dll
0x00007ffa98390000 - 0x00007ffa984a8000 	C:\Windows\System32\gdi32full.dll
0x00007ffa988d0000 - 0x00007ffa9896a000 	C:\Windows\System32\msvcp_win.dll
0x00007ffa991d0000 - 0x00007ffa99201000 	C:\Windows\System32\IMM32.DLL
0x00007ffa56980000 - 0x00007ffa5698c000 	C:\Program Files\Android\Android Studio\jbr\bin\vcruntime140_1.dll
0x00007ffa84420000 - 0x00007ffa844ad000 	C:\Program Files\Android\Android Studio\jbr\bin\msvcp140.dll
0x00007ffa50110000 - 0x00007ffa50d7d000 	C:\Program Files\Android\Android Studio\jbr\bin\server\jvm.dll
0x00007ffa9ac90000 - 0x00007ffa9ad40000 	C:\Windows\System32\ADVAPI32.dll
0x00007ffa9a910000 - 0x00007ffa9a9b6000 	C:\Windows\System32\sechost.dll
0x00007ffa9aeb0000 - 0x00007ffa9afc7000 	C:\Windows\System32\RPCRT4.dll
0x00007ffa56990000 - 0x00007ffa56999000 	C:\Windows\SYSTEM32\WSOCK32.dll
0x00007ffa99430000 - 0x00007ffa994a1000 	C:\Windows\System32\WS2_32.dll
0x00007ffa90fd0000 - 0x00007ffa91004000 	C:\Windows\SYSTEM32\WINMM.dll
0x00007ffa84090000 - 0x00007ffa8409a000 	C:\Windows\SYSTEM32\VERSION.dll
0x00007ffa97460000 - 0x00007ffa97478000 	C:\Windows\SYSTEM32\kernel.appcore.dll
0x00007ffa56970000 - 0x00007ffa5697a000 	C:\Program Files\Android\Android Studio\jbr\bin\jimage.dll
0x00007ffa82210000 - 0x00007ffa8243e000 	C:\Windows\SYSTEM32\DBGHELP.DLL
0x00007ffa98d90000 - 0x00007ffa9911a000 	C:\Windows\System32\combase.dll
0x00007ffa994b0000 - 0x00007ffa99587000 	C:\Windows\System32\OLEAUT32.dll
0x00007ffa820e0000 - 0x00007ffa82112000 	C:\Windows\SYSTEM32\dbgcore.DLL
0x00007ffa98cf0000 - 0x00007ffa98d6a000 	C:\Windows\System32\bcryptPrimitives.dll
0x00007ffa56940000 - 0x00007ffa56965000 	C:\Program Files\Android\Android Studio\jbr\bin\java.dll
0x00007ffa56920000 - 0x00007ffa56938000 	C:\Program Files\Android\Android Studio\jbr\bin\zip.dll
0x00007ffa99eb0000 - 0x00007ffa9a708000 	C:\Windows\System32\SHELL32.dll
0x00007ffa96300000 - 0x00007ffa96bf2000 	C:\Windows\SYSTEM32\windows.storage.dll
0x00007ffa961c0000 - 0x00007ffa962fe000 	C:\Windows\SYSTEM32\wintypes.dll
0x00007ffa9ad40000 - 0x00007ffa9ae33000 	C:\Windows\System32\SHCORE.dll
0x00007ffa99de0000 - 0x00007ffa99e3e000 	C:\Windows\System32\shlwapi.dll
0x00007ffa982c0000 - 0x00007ffa982e6000 	C:\Windows\SYSTEM32\profapi.dll
0x00007ffa56900000 - 0x00007ffa56919000 	C:\Program Files\Android\Android Studio\jbr\bin\net.dll
0x00007ffa8f5f0000 - 0x00007ffa8f727000 	C:\Windows\SYSTEM32\WINHTTP.dll
0x00007ffa97940000 - 0x00007ffa979a9000 	C:\Windows\system32\mswsock.dll
0x00007ffa568e0000 - 0x00007ffa568f6000 	C:\Program Files\Android\Android Studio\jbr\bin\nio.dll
0x00007ffa94e60000 - 0x00007ffa94e70000 	C:\Program Files\Android\Android Studio\jbr\bin\verify.dll
0x00007ffa85400000 - 0x00007ffa85427000 	C:\Users\kaita\.gradle\native\68d5fa5c4cc2d200863cafc0d521ce42e7d3e7ee720ec0a83991735586a16f82\windows-amd64\native-platform.dll
0x00007ffa4a6f0000 - 0x00007ffa4a834000 	C:\Users\kaita\.gradle\native\e376f236ea51e6404a007f0833ffe2c6e607c4080706a723a18a27aeea778392\windows-amd64\native-platform-file-events.dll
0x00007ffa568d0000 - 0x00007ffa568d9000 	C:\Program Files\Android\Android Studio\jbr\bin\management.dll
0x00007ffa568c0000 - 0x00007ffa568cb000 	C:\Program Files\Android\Android Studio\jbr\bin\management_ext.dll
0x00007ffa99220000 - 0x00007ffa99228000 	C:\Windows\System32\PSAPI.DLL
0x00007ffa97b90000 - 0x00007ffa97bab000 	C:\Windows\SYSTEM32\CRYPTSP.dll
0x00007ffa97420000 - 0x00007ffa97455000 	C:\Windows\system32\rsaenh.dll
0x00007ffa97a30000 - 0x00007ffa97a5c000 	C:\Windows\SYSTEM32\USERENV.dll
0x00007ffa97d50000 - 0x00007ffa97d78000 	C:\Windows\SYSTEM32\bcrypt.dll
0x00007ffa97bb0000 - 0x00007ffa97bbc000 	C:\Windows\SYSTEM32\CRYPTBASE.dll
0x00007ffa96ed0000 - 0x00007ffa96efd000 	C:\Windows\SYSTEM32\IPHLPAPI.DLL
0x00007ffa9ac80000 - 0x00007ffa9ac89000 	C:\Windows\System32\NSI.dll
0x00007ffa8eb50000 - 0x00007ffa8eb69000 	C:\Windows\SYSTEM32\dhcpcsvc6.DLL
0x00007ffa8eb10000 - 0x00007ffa8eb2f000 	C:\Windows\SYSTEM32\dhcpcsvc.DLL
0x00007ffa96f40000 - 0x00007ffa97039000 	C:\Windows\SYSTEM32\DNSAPI.dll
0x00007ffa7da80000 - 0x00007ffa7da88000 	C:\Windows\system32\wshunix.dll

dbghelp: loaded successfully - version: 4.0.5 - missing functions: none
symbol engine: initialized successfully - sym options: 0x614 - pdb path: .;C:\Program Files\Android\Android Studio\jbr\bin;C:\Windows\SYSTEM32;C:\Windows\WinSxS\amd64_microsoft.windows.common-controls_6595b64144ccf1df_6.0.22621.2361_none_2712ced57382f843;C:\Program Files\Android\Android Studio\jbr\bin\server;C:\Users\kaita\.gradle\native\68d5fa5c4cc2d200863cafc0d521ce42e7d3e7ee720ec0a83991735586a16f82\windows-amd64;C:\Users\kaita\.gradle\native\e376f236ea51e6404a007f0833ffe2c6e607c4080706a723a18a27aeea778392\windows-amd64

VM Arguments:
jvm_args: -XX:MaxPermSize=512m -XX:+HeapDumpOnOutOfMemoryError --add-opens=java.base/java.util=ALL-UNNAMED --add-opens=java.base/java.lang=ALL-UNNAMED --add-opens=java.base/java.lang.invoke=ALL-UNNAMED --add-opens=java.prefs/java.util.prefs=ALL-UNNAMED --add-opens=java.base/java.nio.charset=ALL-UNNAMED --add-opens=java.base/java.net=ALL-UNNAMED --add-opens=java.base/java.util.concurrent.atomic=ALL-UNNAMED -Xmx2048m -Dfile.encoding=UTF-8 -Duser.country=US -Duser.language=en -Duser.variant 
java_command: org.gradle.launcher.daemon.bootstrap.GradleDaemon 7.6
java_class_path (initial): C:\Users\kaita\.gradle\wrapper\dists\gradle-7.6-all\9f832ih6bniajn45pbmqhk2cw\gradle-7.6\lib\gradle-launcher-7.6.jar
Launcher Type: SUN_STANDARD

[Global flags]
     intx CICompilerCount                          = 3                                         {product} {ergonomic}
     uint ConcGCThreads                            = 1                                         {product} {ergonomic}
     uint G1ConcRefinementThreads                  = 4                                         {product} {ergonomic}
   size_t G1HeapRegionSize                         = 1048576                                   {product} {ergonomic}
    uintx GCDrainStackTargetSize                   = 64                                        {product} {ergonomic}
     bool HeapDumpOnOutOfMemoryError               = true                                   {manageable} {command line}
   size_t InitialHeapSize                          = 199229440                                 {product} {ergonomic}
   size_t MarkStackSize                            = 4194304                                   {product} {ergonomic}
   size_t MaxHeapSize                              = 2147483648                                {product} {command line}
   size_t MaxNewSize                               = 1287651328                                {product} {ergonomic}
   size_t MinHeapDeltaBytes                        = 1048576                                   {product} {ergonomic}
   size_t MinHeapSize                              = 8388608                                   {product} {ergonomic}
    uintx NonNMethodCodeHeapSize                   = 5832780                                {pd product} {ergonomic}
    uintx NonProfiledCodeHeapSize                  = 122912730                              {pd product} {ergonomic}
    uintx ProfiledCodeHeapSize                     = 122912730                              {pd product} {ergonomic}
    uintx ReservedCodeCacheSize                    = 251658240                              {pd product} {ergonomic}
     bool SegmentedCodeCache                       = true                                      {product} {ergonomic}
   size_t SoftMaxHeapSize                          = 2147483648                             {manageable} {ergonomic}
     bool UseCompressedClassPointers               = true                           {product lp64_product} {ergonomic}
     bool UseCompressedOops                        = true                           {product lp64_product} {ergonomic}
     bool UseG1GC                                  = true                                      {product} {ergonomic}
     bool UseLargePagesIndividualAllocation        = false                                  {pd product} {ergonomic}

Logging:
Log output configuration:
 #0: stdout all=warning uptime,level,tags
 #1: stderr all=off uptime,level,tags

Environment Variables:
PATH=C:\Windows\system32;C:\Windows;C:\Windows\System32\Wbem;C:\Windows\System32\WindowsPowerShell\v1.0\;C:\Windows\System32\OpenSSH\;C:\Program Files\Git\cmd;C:\Users\kaita\AppData\Local\Programs\Python\Python311\Scripts\;C:\Users\kaita\AppData\Local\Programs\Python\Python311\;C:\Users\kaita\AppData\Local\Microsoft\WindowsApps;;C:\Program Files\JetBrains\PyCharm 2023.2\bin;
USERNAME=kaita
OS=Windows_NT
PROCESSOR_IDENTIFIER=Intel64 Family 6 Model 58 Stepping 9, GenuineIntel
TMP=C:\Users\kaita\AppData\Local\Temp
TEMP=C:\Users\kaita\AppData\Local\Temp



---------------  S Y S T E M  ---------------

OS:
 Windows 11 , 64 bit Build 22621 (10.0.22621.2428)
OS uptime: 0 days 20:47 hours

CPU: total 4 (initial active 4) (2 cores per cpu, 2 threads per core) family 6 model 58 stepping 9 microcode 0x21, cx8, cmov, fxsr, ht, mmx, sse, sse2, sse3, ssse3, sse4.1, sse4.2, popcnt, tsc, tscinvbit, avx, aes, erms, clmul, vzeroupper, clflush

Memory: 4k page, system-wide physical 12128M (356M free)
TotalPageFile size 48992M (AvailPageFile size 65M)
current process WorkingSet (physical memory assigned to process): 348M, peak: 348M
current process commit charge ("private bytes"): 413M, peak: 523M

vm_info: OpenJDK 64-Bit Server VM (17.0.6+0-b2043.56-9586694) for windows-amd64 JRE (17.0.6+0-b2043.56-9586694), built on Feb  9 2023 20:06:20 by "androidbuild" with MS VC++ 16.10 / 16.11 (VS2019)

END.
