#
# There is insufficient memory for the Java Runtime Environment to continue.
# Native memory allocation (mmap) failed to map 199229440 bytes for G1 virtual space
# Possible reasons:
#   The system is out of physical RAM or swap space
#   The process is running with CompressedOops enabled, and the Java Heap may be blocking the growth of the native heap
# Possible solutions:
#   Reduce memory load on the system
#   Increase physical memory or swap space
#   Check if swap backing store is full
#   Decrease Java heap size (-Xmx/-Xms)
#   Decrease number of Java threads
#   Decrease Java thread stack sizes (-Xss)
#   Set larger code cache with -XX:ReservedCodeCacheSize=
#   JVM is running with Zero Based Compressed Oops mode in which the Java heap is
#     placed in the first 32GB address space. The Java Heap base address is the
#     maximum limit for the native heap growth. Please use -XX:HeapBaseMinAddress
#     to set the Java Heap base and to place the Java Heap above 32GB virtual address.
# This output file may be truncated or incomplete.
#
#  Out of Memory Error (os_windows.cpp:3769), pid=2972, tid=3088
#
# JRE version:  (17.0.6) (build )
# Java VM: OpenJDK 64-Bit Server VM (17.0.6+0-b2043.56-9586694, mixed mode, sharing, tiered, compressed oops, compressed class ptrs, g1 gc, windows-amd64)
# No core dump will be written. Minidumps are not enabled by default on client versions of Windows
#

---------------  S U M M A R Y ------------

Command Line: org.jetbrains.kotlin.cli.jvm.K2JVMCompiler @C:\Users\kaita\StudioProjects\Texter\app\build\20231022_15669676388603522400.compiler.options

Host: Intel(R) Core(TM) i7-3687U CPU @ 2.10GHz, 4 cores, 11G,  Windows 11 , 64 bit Build 22621 (10.0.22621.2428)
Time: Sun Oct 22 05:12:30 2023 E. Africa Standard Time elapsed time: 0.029160 seconds (0d 0h 0m 0s)

---------------  T H R E A D  ---------------

Current thread (0x0000021ae6f773d0):  JavaThread "Unknown thread" [_thread_in_vm, id=3088, stack(0x000000f6cc000000,0x000000f6cc100000)]

Stack: [0x000000f6cc000000,0x000000f6cc100000]
Native frames: (J=compiled Java code, j=interpreted, Vv=VM code, C=native code)
V  [jvm.dll+0x683b4a]
V  [jvm.dll+0x842654]
V  [jvm.dll+0x843dfe]
V  [jvm.dll+0x844463]
V  [jvm.dll+0x249b75]
V  [jvm.dll+0x680a19]
V  [jvm.dll+0x674f0a]
V  [jvm.dll+0x309acb]
V  [jvm.dll+0x310f86]
V  [jvm.dll+0x3608ee]
V  [jvm.dll+0x360b1f]
V  [jvm.dll+0x2dfbf8]
V  [jvm.dll+0x2e0b64]
V  [jvm.dll+0x813f41]
V  [jvm.dll+0x36e6a1]
V  [jvm.dll+0x7f347c]
V  [jvm.dll+0x3f0e8f]
V  [jvm.dll+0x3f29d1]
C  [jli.dll+0x526b]
C  [ucrtbase.dll+0x29363]
C  [KERNEL32.DLL+0x1257d]
C  [ntdll.dll+0x5aa78]


---------------  P R O C E S S  ---------------

Threads class SMR info:
_java_thread_list=0x00007ffdfc2cc058, length=0, elements={
}

Java Threads: ( => current thread )

Other Threads:
  0x0000021ae6fd0920 GCTaskThread "GC Thread#0" [stack: 0x000000f6cc100000,0x000000f6cc200000] [id=7364]
  0x0000021ae6fdd500 ConcurrentGCThread "G1 Main Marker" [stack: 0x000000f6cc200000,0x000000f6cc300000] [id=16676]
  0x0000021ae6fdde20 ConcurrentGCThread "G1 Conc#0" [stack: 0x000000f6cc300000,0x000000f6cc400000] [id=16684]

[error occurred during error reporting (printing all threads), id 0xc0000005, EXCEPTION_ACCESS_VIOLATION (0xc0000005) at pc=0x00007ffdfba80797]

VM state: not at safepoint (not fully initialized)

VM Mutex/Monitor currently owned by a thread:  ([mutex/lock_event])
[0x0000021ae6f73340] Heap_lock - owner thread: 0x0000021ae6f773d0

Heap address: 0x0000000742600000, size: 3034 MB, Compressed Oops mode: Zero based, Oop shift amount: 3

CDS archive(s) mapped at: [0x0000000000000000-0x0000000000000000-0x0000000000000000), size 0, SharedBaseAddress: 0x0000000800000000, ArchiveRelocationMode: 0.
Narrow klass base: 0x0000000000000000, Narrow klass shift: 0, Narrow klass range: 0x0

GC Precious Log:
<Empty>

Heap:
 garbage-first heap   total 0K, used 0K [0x0000000742600000, 0x0000000800000000)
  region size 2048K, 0 young (0K), 0 survivors (0K)

[error occurred during error reporting (printing heap information), id 0xc0000005, EXCEPTION_ACCESS_VIOLATION (0xc0000005) at pc=0x00007ffdfbe6d939]

GC Heap History (0 events):
No events

Dll operation events (1 events):
Event: 0.021 Loaded shared library C:\Program Files\Android\Android Studio\jbr\bin\java.dll

Deoptimization events (0 events):
No events

Classes unloaded (0 events):
No events

Classes redefined (0 events):
No events

Internal exceptions (0 events):
No events

VM Operations (0 events):
No events

Events (0 events):
No events


Dynamic libraries:
0x00007ff709110000 - 0x00007ff70911a000 	C:\Program Files\Android\Android Studio\jbr\bin\java.exe
0x00007ffe4a430000 - 0x00007ffe4a647000 	C:\Windows\SYSTEM32\ntdll.dll
0x00007ffe48d20000 - 0x00007ffe48de4000 	C:\Windows\System32\KERNEL32.DLL
0x00007ffe47940000 - 0x00007ffe47ce6000 	C:\Windows\System32\KERNELBASE.dll
0x00007ffe477b0000 - 0x00007ffe478c1000 	C:\Windows\System32\ucrtbase.dll
0x00007ffe444b0000 - 0x00007ffe444c7000 	C:\Program Files\Android\Android Studio\jbr\bin\jli.dll
0x00007ffe49080000 - 0x00007ffe4922d000 	C:\Windows\System32\USER32.dll
0x00007ffe420b0000 - 0x00007ffe420cb000 	C:\Program Files\Android\Android Studio\jbr\bin\VCRUNTIME140.dll
0x00007ffe47d90000 - 0x00007ffe47db6000 	C:\Windows\System32\win32u.dll
0x00007ffe363c0000 - 0x00007ffe36653000 	C:\Windows\WinSxS\amd64_microsoft.windows.common-controls_6595b64144ccf1df_6.0.22621.2361_none_2712ced57382f843\COMCTL32.dll
0x00007ffe48540000 - 0x00007ffe48569000 	C:\Windows\System32\GDI32.dll
0x00007ffe487f0000 - 0x00007ffe48897000 	C:\Windows\System32\msvcrt.dll
0x00007ffe47dc0000 - 0x00007ffe47ed8000 	C:\Windows\System32\gdi32full.dll
0x00007ffe47cf0000 - 0x00007ffe47d8a000 	C:\Windows\System32\msvcp_win.dll
0x00007ffe493a0000 - 0x00007ffe493d1000 	C:\Windows\System32\IMM32.DLL
0x00007ffdfc820000 - 0x00007ffdfc82c000 	C:\Program Files\Android\Android Studio\jbr\bin\vcruntime140_1.dll
0x00007ffe33990000 - 0x00007ffe33a1d000 	C:\Program Files\Android\Android Studio\jbr\bin\msvcp140.dll
0x00007ffdfb790000 - 0x00007ffdfc3fd000 	C:\Program Files\Android\Android Studio\jbr\bin\server\jvm.dll
0x00007ffe48740000 - 0x00007ffe487f0000 	C:\Windows\System32\ADVAPI32.dll
0x00007ffe48e10000 - 0x00007ffe48eb6000 	C:\Windows\System32\sechost.dll
0x00007ffe49490000 - 0x00007ffe495a7000 	C:\Windows\System32\RPCRT4.dll
0x00007ffe400a0000 - 0x00007ffe400d4000 	C:\Windows\SYSTEM32\WINMM.dll
0x00007ffe06230000 - 0x00007ffe06239000 	C:\Windows\SYSTEM32\WSOCK32.dll
0x00007ffe33600000 - 0x00007ffe3360a000 	C:\Windows\SYSTEM32\VERSION.dll
0x00007ffe49850000 - 0x00007ffe498c1000 	C:\Windows\System32\WS2_32.dll
0x00007ffe46880000 - 0x00007ffe46898000 	C:\Windows\SYSTEM32\kernel.appcore.dll
0x00007ffdfc810000 - 0x00007ffdfc81a000 	C:\Program Files\Android\Android Studio\jbr\bin\jimage.dll
0x00007ffe317d0000 - 0x00007ffe319fe000 	C:\Windows\SYSTEM32\DBGHELP.DLL
0x00007ffe48190000 - 0x00007ffe4851a000 	C:\Windows\System32\combase.dll
0x00007ffe495c0000 - 0x00007ffe49697000 	C:\Windows\System32\OLEAUT32.dll
0x00007ffe31660000 - 0x00007ffe31692000 	C:\Windows\SYSTEM32\dbgcore.DLL
0x00007ffe47fa0000 - 0x00007ffe4801a000 	C:\Windows\System32\bcryptPrimitives.dll
0x00007ffdfc7e0000 - 0x00007ffdfc805000 	C:\Program Files\Android\Android Studio\jbr\bin\java.dll

dbghelp: loaded successfully - version: 4.0.5 - missing functions: none
symbol engine: initialized successfully - sym options: 0x614 - pdb path: .;C:\Program Files\Android\Android Studio\jbr\bin;C:\Windows\SYSTEM32;C:\Windows\WinSxS\amd64_microsoft.windows.common-controls_6595b64144ccf1df_6.0.22621.2361_none_2712ced57382f843;C:\Program Files\Android\Android Studio\jbr\bin\server

VM Arguments:
java_command: org.jetbrains.kotlin.cli.jvm.K2JVMCompiler @C:\Users\kaita\StudioProjects\Texter\app\build\20231022_15669676388603522400.compiler.options
java_class_path (initial): C:\Users\kaita\.gradle\caches\modules-2\files-2.1\org.jetbrains.kotlin\kotlin-compiler-embeddable\1.7.21\a36688d6a38ea94ac3fce84e198ea2cb6c6a8e88\kotlin-compiler-embeddable-1.7.21.jar;C:\Users\kaita\.gradle\caches\modules-2\files-2.1\org.jetbrains.kotlin\kotlin-reflect\1.7.21\ad6d09bc4db0eab1069112eea8ebea0be7be44f\kotlin-reflect-1.7.21.jar;C:\Users\kaita\.gradle\caches\modules-2\files-2.1\org.jetbrains.kotlin\kotlin-stdlib\1.7.21\1a2eaf898a0dda83037034b10a42053cf8a7caf8\kotlin-stdlib-1.7.21.jar;C:\Users\kaita\.gradle\caches\modules-2\files-2.1\org.jetbrains.kotlin\kotlin-script-runtime\1.7.21\b06d5c58297dccce2a0f69b0636804b0a73b3b9\kotlin-script-runtime-1.7.21.jar;C:\Users\kaita\.gradle\caches\modules-2\files-2.1\org.jetbrains.kotlin\kotlin-daemon-embeddable\1.7.21\b94818f660cc50f5d39f04b6396ac38e4d3a9eb7\kotlin-daemon-embeddable-1.7.21.jar;C:\Users\kaita\.gradle\caches\modules-2\files-2.1\org.jetbrains.intellij.deps\trove4j\1.0.20200330\3afb14d5f9ceb459d724e907a21145e8ff394f02\trove4j-1.0.20200330.jar;C:\Users\kaita\.gradle\caches\modules-2\files-2.1\net.java.dev.jna\jna\5.6.0\330f2244e9030119ab3030fc3fededc86713d9cc\jna-5.6.0.jar;C:\Users\kaita\.gradle\caches\modules-2\files-2.1\org.jetbrains.kotlin\kotlin-stdlib-common\1.7.21\cb02257de8e13e8498f8e2f69f742f2d438e794d\kotlin-stdlib-common-1.7.21.jar;C:\Users\kaita\.gradle\caches\modules-2\files-2.1\org.jetbrains\annotations\13.0\919f0dfe192fb4e063e7dacadee7f8bb9a2672a9\annotations-13.0.jar
Launcher Type: SUN_STANDARD

[Global flags]
     intx CICompilerCount                          = 3                                         {product} {ergonomic}
     uint ConcGCThreads                            = 1                                         {product} {ergonomic}
     uint G1ConcRefinementThreads                  = 4                                         {product} {ergonomic}
   size_t G1HeapRegionSize                         = 2097152                                   {product} {ergonomic}
    uintx GCDrainStackTargetSize                   = 64                                        {product} {ergonomic}
   size_t InitialHeapSize                          = 199229440                                 {product} {ergonomic}
   size_t MarkStackSize                            = 4194304                                   {product} {ergonomic}
   size_t MaxHeapSize                              = 3181379584                                {product} {ergonomic}
   size_t MinHeapDeltaBytes                        = 2097152                                   {product} {ergonomic}
   size_t MinHeapSize                              = 8388608                                   {product} {ergonomic}
    uintx NonNMethodCodeHeapSize                   = 5832780                                {pd product} {ergonomic}
    uintx NonProfiledCodeHeapSize                  = 122912730                              {pd product} {ergonomic}
    uintx ProfiledCodeHeapSize                     = 122912730                              {pd product} {ergonomic}
    uintx ReservedCodeCacheSize                    = 251658240                              {pd product} {ergonomic}
     bool SegmentedCodeCache                       = true                                      {product} {ergonomic}
   size_t SoftMaxHeapSize                          = 3181379584                             {manageable} {ergonomic}
     bool UseCompressedClassPointers               = true                           {product lp64_product} {ergonomic}
     bool UseCompressedOops                        = true                           {product lp64_product} {ergonomic}
     bool UseG1GC                                  = true                                      {product} {ergonomic}
     bool UseLargePagesIndividualAllocation        = false                                  {pd product} {ergonomic}

Logging:
Log output configuration:
 #0: stdout all=warning uptime,level,tags
 #1: stderr all=off uptime,level,tags

Environment Variables:
PATH=C:\Windows\system32;C:\Windows;C:\Windows\System32\Wbem;C:\Windows\System32\WindowsPowerShell\v1.0\;C:\Windows\System32\OpenSSH\;C:\Program Files\Git\cmd;C:\Users\kaita\AppData\Local\Programs\Python\Python311\Scripts\;C:\Users\kaita\AppData\Local\Programs\Python\Python311\;C:\Users\kaita\AppData\Local\Microsoft\WindowsApps;;C:\Program Files\JetBrains\PyCharm 2023.2\bin;
USERNAME=kaita
OS=Windows_NT
PROCESSOR_IDENTIFIER=Intel64 Family 6 Model 58 Stepping 9, GenuineIntel
TMP=C:\Users\kaita\AppData\Local\Temp
TEMP=C:\Users\kaita\AppData\Local\Temp



---------------  S Y S T E M  ---------------

OS:
 Windows 11 , 64 bit Build 22621 (10.0.22621.2428)
OS uptime: 1 days 2:12 hours

CPU: total 4 (initial active 4) (2 cores per cpu, 2 threads per core) family 6 model 58 stepping 9 microcode 0x21, cx8, cmov, fxsr, ht, mmx, sse, sse2, sse3, ssse3, sse4.1, sse4.2, popcnt, tsc, tscinvbit, avx, aes, erms, clmul, vzeroupper, clflush

Memory: 4k page, system-wide physical 12128M (703M free)
TotalPageFile size 48992M (AvailPageFile size 68M)
current process WorkingSet (physical memory assigned to process): 11M, peak: 11M
current process commit charge ("private bytes"): 51M, peak: 241M

vm_info: OpenJDK 64-Bit Server VM (17.0.6+0-b2043.56-9586694) for windows-amd64 JRE (17.0.6+0-b2043.56-9586694), built on Feb  9 2023 20:06:20 by "androidbuild" with MS VC++ 16.10 / 16.11 (VS2019)

END.
